{"C:\\Users\\Gustavo\\surface-test\\backend\\src\\app.js": {"path":"C:\\Users\\Gustavo\\surface-test\\backend\\src\\app.js","statementMap":{"0":{"start":{"line":11,"column":18},"end":{"line":11,"column":49}},"1":{"start":{"line":12,"column":18},"end":{"line":12,"column":42}},"2":{"start":{"line":15,"column":13},"end":{"line":15,"column":23}},"3":{"start":{"line":17,"column":2},"end":{"line":17,"column":null}},"4":{"start":{"line":18,"column":2},"end":{"line":23,"column":null}},"5":{"start":{"line":25,"column":25},"end":{"line":25,"column":98}},"6":{"start":{"line":26,"column":2},"end":{"line":35,"column":null}},"7":{"start":{"line":28,"column":6},"end":{"line":28,"column":null}},"8":{"start":{"line":28,"column":19},"end":{"line":28,"column":null}},"9":{"start":{"line":29,"column":6},"end":{"line":29,"column":null}},"10":{"start":{"line":29,"column":43},"end":{"line":29,"column":null}},"11":{"start":{"line":30,"column":6},"end":{"line":30,"column":null}},"12":{"start":{"line":30,"column":57},"end":{"line":30,"column":null}},"13":{"start":{"line":31,"column":6},"end":{"line":31,"column":null}},"14":{"start":{"line":37,"column":2},"end":{"line":37,"column":null}},"15":{"start":{"line":38,"column":2},"end":{"line":38,"column":null}},"16":{"start":{"line":39,"column":1},"end":{"line":39,"column":null}},"17":{"start":{"line":40,"column":2},"end":{"line":40,"column":null}},"18":{"start":{"line":42,"column":2},"end":{"line":42,"column":null}}},"fnMap":{"0":{"name":"createApp","decl":{"start":{"line":14,"column":16},"end":{"line":14,"column":25}},"loc":{"start":{"line":14,"column":28},"end":{"line":43,"column":null}},"line":14},"1":{"name":"(anonymous_1)","decl":{"start":{"line":27,"column":12},"end":{"line":27,"column":13}},"loc":{"start":{"line":27,"column":34},"end":{"line":32,"column":5}},"line":27}},"branchMap":{"0":{"loc":{"start":{"line":25,"column":25},"end":{"line":25,"column":98}},"type":"cond-expr","locations":[{"start":{"line":25,"column":55},"end":{"line":25,"column":93}},{"start":{"line":25,"column":96},"end":{"line":25,"column":98}}],"line":25},"1":{"loc":{"start":{"line":28,"column":6},"end":{"line":28,"column":null}},"type":"if","locations":[{"start":{"line":28,"column":6},"end":{"line":28,"column":null}},{"start":{},"end":{}}],"line":28},"2":{"loc":{"start":{"line":29,"column":6},"end":{"line":29,"column":null}},"type":"if","locations":[{"start":{"line":29,"column":6},"end":{"line":29,"column":null}},{"start":{},"end":{}}],"line":29},"3":{"loc":{"start":{"line":30,"column":6},"end":{"line":30,"column":null}},"type":"if","locations":[{"start":{"line":30,"column":6},"end":{"line":30,"column":null}},{"start":{},"end":{}}],"line":30}},"s":{"0":1,"1":1,"2":2,"3":2,"4":2,"5":2,"6":2,"7":5,"8":5,"9":0,"10":0,"11":0,"12":0,"13":0,"14":2,"15":2,"16":2,"17":2,"18":2},"f":{"0":2,"1":5},"b":{"0":[0,2],"1":[5,0],"2":[0,0],"3":[0,0]},"meta":{"lastBranch":4,"lastFunction":2,"lastStatement":19,"seen":{"s:11:18:11:49":0,"s:12:18:12:42":1,"f:14:16:14:25":0,"s:15:13:15:23":2,"s:17:2:17:Infinity":3,"s:18:2:23:Infinity":4,"s:25:25:25:98":5,"b:25:55:25:93:25:96:25:98":0,"s:26:2:35:Infinity":6,"f:27:12:27:13":1,"b:28:6:28:Infinity:undefined:undefined:undefined:undefined":1,"s:28:6:28:Infinity":7,"s:28:19:28:Infinity":8,"b:29:6:29:Infinity:undefined:undefined:undefined:undefined":2,"s:29:6:29:Infinity":9,"s:29:43:29:Infinity":10,"b:30:6:30:Infinity:undefined:undefined:undefined:undefined":3,"s:30:6:30:Infinity":11,"s:30:57:30:Infinity":12,"s:31:6:31:Infinity":13,"s:37:2:37:Infinity":14,"s:38:2:38:Infinity":15,"s:39:1:39:Infinity":16,"s:40:2:40:Infinity":17,"s:42:2:42:Infinity":18}}}
,"C:\\Users\\Gustavo\\surface-test\\backend\\src\\database\\pg.js": {"path":"C:\\Users\\Gustavo\\surface-test\\backend\\src\\database\\pg.js","statementMap":{"0":{"start":{"line":4,"column":2},"end":{"line":4,"column":null}},"1":{"start":{"line":4,"column":15},"end":{"line":4,"column":null}},"2":{"start":{"line":5,"column":2},"end":{"line":13,"column":null}},"3":{"start":{"line":6,"column":19},"end":{"line":6,"column":34}},"4":{"start":{"line":7,"column":4},"end":{"line":9,"column":null}},"5":{"start":{"line":8,"column":6},"end":{"line":8,"column":null}},"6":{"start":{"line":10,"column":4},"end":{"line":10,"column":null}},"7":{"start":{"line":12,"column":4},"end":{"line":12,"column":null}},"8":{"start":{"line":16,"column":25},"end":{"line":16,"column":67}},"9":{"start":{"line":18,"column":13},"end":{"line":21,"column":2}},"10":{"start":{"line":24,"column":17},"end":{"line":24,"column":47}},"11":{"start":{"line":25,"column":2},"end":{"line":25,"column":null}}},"fnMap":{"0":{"name":"normalizeNeonUrl","decl":{"start":{"line":3,"column":9},"end":{"line":3,"column":25}},"loc":{"start":{"line":3,"column":34},"end":{"line":14,"column":null}},"line":3},"1":{"name":"pgQuery","decl":{"start":{"line":23,"column":22},"end":{"line":23,"column":29}},"loc":{"start":{"line":23,"column":49},"end":{"line":26,"column":null}},"line":23}},"branchMap":{"0":{"loc":{"start":{"line":4,"column":2},"end":{"line":4,"column":null}},"type":"if","locations":[{"start":{"line":4,"column":2},"end":{"line":4,"column":null}},{"start":{},"end":{}}],"line":4},"1":{"loc":{"start":{"line":7,"column":4},"end":{"line":9,"column":null}},"type":"if","locations":[{"start":{"line":7,"column":4},"end":{"line":9,"column":null}},{"start":{},"end":{}}],"line":7},"2":{"loc":{"start":{"line":23,"column":36},"end":{"line":23,"column":47}},"type":"default-arg","locations":[{"start":{"line":23,"column":45},"end":{"line":23,"column":47}}],"line":23}},"s":{"0":2,"1":1,"2":1,"3":1,"4":1,"5":1,"6":1,"7":0,"8":2,"9":2,"10":0,"11":0},"f":{"0":2,"1":0},"b":{"0":[1,1],"1":[1,0],"2":[0]},"meta":{"lastBranch":3,"lastFunction":2,"lastStatement":12,"seen":{"f:3:9:3:25":0,"b:4:2:4:Infinity:undefined:undefined:undefined:undefined":0,"s:4:2:4:Infinity":0,"s:4:15:4:Infinity":1,"s:5:2:13:Infinity":2,"s:6:19:6:34":3,"b:7:4:9:Infinity:undefined:undefined:undefined:undefined":1,"s:7:4:9:Infinity":4,"s:8:6:8:Infinity":5,"s:10:4:10:Infinity":6,"s:12:4:12:Infinity":7,"s:16:25:16:67":8,"s:18:13:21:2":9,"f:23:22:23:29":1,"b:23:45:23:47":2,"s:24:17:24:47":10,"s:25:2:25:Infinity":11}}}
,"C:\\Users\\Gustavo\\surface-test\\backend\\src\\database\\prisma.js": {"path":"C:\\Users\\Gustavo\\surface-test\\backend\\src\\database\\prisma.js","statementMap":{"0":{"start":{"line":4,"column":2},"end":{"line":4,"column":61}},"1":{"start":{"line":4,"column":47},"end":{"line":4,"column":61}},"2":{"start":{"line":6,"column":2},"end":{"line":15,"column":3}},"3":{"start":{"line":7,"column":19},"end":{"line":7,"column":34}},"4":{"start":{"line":8,"column":4},"end":{"line":11,"column":5}},"5":{"start":{"line":9,"column":6},"end":{"line":9,"column":52}},"6":{"start":{"line":10,"column":6},"end":{"line":10,"column":31}},"7":{"start":{"line":12,"column":4},"end":{"line":12,"column":18}},"8":{"start":{"line":14,"column":4},"end":{"line":14,"column":18}},"9":{"start":{"line":18,"column":0},"end":{"line":18,"column":80}},"10":{"start":{"line":19,"column":15},"end":{"line":19,"column":33}}},"fnMap":{"0":{"name":"normalizeNeonUrlForWindows","decl":{"start":{"line":3,"column":9},"end":{"line":3,"column":35}},"loc":{"start":{"line":3,"column":44},"end":{"line":16,"column":1}},"line":3}},"branchMap":{"0":{"loc":{"start":{"line":4,"column":2},"end":{"line":4,"column":61}},"type":"if","locations":[{"start":{"line":4,"column":2},"end":{"line":4,"column":61}},{"start":{},"end":{}}],"line":4},"1":{"loc":{"start":{"line":4,"column":6},"end":{"line":4,"column":45}},"type":"binary-expr","locations":[{"start":{"line":4,"column":6},"end":{"line":4,"column":34}},{"start":{"line":4,"column":38},"end":{"line":4,"column":45}}],"line":4},"2":{"loc":{"start":{"line":8,"column":4},"end":{"line":11,"column":5}},"type":"if","locations":[{"start":{"line":8,"column":4},"end":{"line":11,"column":5}},{"start":{},"end":{}}],"line":8}},"s":{"0":2,"1":0,"2":2,"3":2,"4":2,"5":2,"6":2,"7":0,"8":0,"9":2,"10":2},"f":{"0":2},"b":{"0":[0,2],"1":[2,2],"2":[2,0]},"meta":{"lastBranch":3,"lastFunction":1,"lastStatement":11,"seen":{"f:3:9:3:35":0,"b:4:2:4:61:undefined:undefined:undefined:undefined":0,"s:4:2:4:61":0,"b:4:6:4:34:4:38:4:45":1,"s:4:47:4:61":1,"s:6:2:15:3":2,"s:7:19:7:34":3,"b:8:4:11:5:undefined:undefined:undefined:undefined":2,"s:8:4:11:5":4,"s:9:6:9:52":5,"s:10:6:10:31":6,"s:12:4:12:18":7,"s:14:4:14:18":8,"s:18:0:18:80":9,"s:19:15:19:33":10}}}
,"C:\\Users\\Gustavo\\surface-test\\backend\\src\\errors\\ErroAuth.js": {"path":"C:\\Users\\Gustavo\\surface-test\\backend\\src\\errors\\ErroAuth.js","statementMap":{"0":{"start":{"line":5,"column":4},"end":{"line":5,"column":25}},"1":{"start":{"line":11,"column":4},"end":{"line":11,"column":20}},"2":{"start":{"line":17,"column":4},"end":{"line":17,"column":20}},"3":{"start":{"line":23,"column":4},"end":{"line":23,"column":20}}},"fnMap":{"0":{"name":"(anonymous_0)","decl":{"start":{"line":4,"column":2},"end":{"line":4,"column":13}},"loc":{"start":{"line":4,"column":50},"end":{"line":6,"column":3}},"line":4},"1":{"name":"(anonymous_1)","decl":{"start":{"line":10,"column":2},"end":{"line":10,"column":13}},"loc":{"start":{"line":10,"column":66},"end":{"line":12,"column":3}},"line":10},"2":{"name":"(anonymous_2)","decl":{"start":{"line":16,"column":2},"end":{"line":16,"column":13}},"loc":{"start":{"line":16,"column":59},"end":{"line":18,"column":3}},"line":16},"3":{"name":"(anonymous_3)","decl":{"start":{"line":22,"column":2},"end":{"line":22,"column":13}},"loc":{"start":{"line":22,"column":67},"end":{"line":24,"column":3}},"line":22}},"branchMap":{"0":{"loc":{"start":{"line":4,"column":14},"end":{"line":4,"column":48}},"type":"default-arg","locations":[{"start":{"line":4,"column":25},"end":{"line":4,"column":48}}],"line":4},"1":{"loc":{"start":{"line":10,"column":14},"end":{"line":10,"column":64}},"type":"default-arg","locations":[{"start":{"line":10,"column":25},"end":{"line":10,"column":64}}],"line":10},"2":{"loc":{"start":{"line":16,"column":14},"end":{"line":16,"column":57}},"type":"default-arg","locations":[{"start":{"line":16,"column":25},"end":{"line":16,"column":57}}],"line":16},"3":{"loc":{"start":{"line":22,"column":14},"end":{"line":22,"column":65}},"type":"default-arg","locations":[{"start":{"line":22,"column":25},"end":{"line":22,"column":65}}],"line":22}},"s":{"0":7,"1":2,"2":2,"3":2},"f":{"0":7,"1":2,"2":2,"3":2},"b":{"0":[7],"1":[2],"2":[2],"3":[2]},"meta":{"lastBranch":4,"lastFunction":4,"lastStatement":4,"seen":{"f:4:2:4:13":0,"b:4:25:4:48":0,"s:5:4:5:25":0,"f:10:2:10:13":1,"b:10:25:10:64":1,"s:11:4:11:20":1,"f:16:2:16:13":2,"b:16:25:16:57":2,"s:17:4:17:20":2,"f:22:2:22:13":3,"b:22:25:22:65":3,"s:23:4:23:20":3}}}
,"C:\\Users\\Gustavo\\surface-test\\backend\\src\\errors\\ErroBase.js": {"path":"C:\\Users\\Gustavo\\surface-test\\backend\\src\\errors\\ErroBase.js","statementMap":{"0":{"start":{"line":3,"column":4},"end":{"line":3,"column":20}},"1":{"start":{"line":4,"column":4},"end":{"line":4,"column":25}},"2":{"start":{"line":8,"column":4},"end":{"line":11,"column":7}}},"fnMap":{"0":{"name":"(anonymous_0)","decl":{"start":{"line":2,"column":2},"end":{"line":2,"column":13}},"loc":{"start":{"line":2,"column":67},"end":{"line":5,"column":3}},"line":2},"1":{"name":"(anonymous_1)","decl":{"start":{"line":7,"column":2},"end":{"line":7,"column":16}},"loc":{"start":{"line":7,"column":22},"end":{"line":12,"column":3}},"line":7}},"branchMap":{"0":{"loc":{"start":{"line":2,"column":14},"end":{"line":2,"column":51}},"type":"default-arg","locations":[{"start":{"line":2,"column":25},"end":{"line":2,"column":51}}],"line":2},"1":{"loc":{"start":{"line":2,"column":53},"end":{"line":2,"column":65}},"type":"default-arg","locations":[{"start":{"line":2,"column":62},"end":{"line":2,"column":65}}],"line":2}},"s":{"0":57,"1":57,"2":4},"f":{"0":57,"1":4},"b":{"0":[57],"1":[57]},"meta":{"lastBranch":2,"lastFunction":2,"lastStatement":3,"seen":{"f:2:2:2:13":0,"b:2:25:2:51":0,"b:2:62:2:65":1,"s:3:4:3:20":0,"s:4:4:4:25":1,"f:7:2:7:16":1,"s:8:4:11:7":2}}}
,"C:\\Users\\Gustavo\\surface-test\\backend\\src\\errors\\ErroRole.js": {"path":"C:\\Users\\Gustavo\\surface-test\\backend\\src\\errors\\ErroRole.js","statementMap":{"0":{"start":{"line":5,"column":4},"end":{"line":5,"column":25}}},"fnMap":{"0":{"name":"(anonymous_0)","decl":{"start":{"line":4,"column":2},"end":{"line":4,"column":13}},"loc":{"start":{"line":4,"column":67},"end":{"line":6,"column":3}},"line":4}},"branchMap":{"0":{"loc":{"start":{"line":4,"column":14},"end":{"line":4,"column":65}},"type":"default-arg","locations":[{"start":{"line":4,"column":25},"end":{"line":4,"column":65}}],"line":4}},"s":{"0":1},"f":{"0":1},"b":{"0":[1]},"meta":{"lastBranch":1,"lastFunction":1,"lastStatement":1,"seen":{"f:4:2:4:13":0,"b:4:25:4:65":0,"s:5:4:5:25":0}}}
,"C:\\Users\\Gustavo\\surface-test\\backend\\src\\errors\\ErroValidation.js": {"path":"C:\\Users\\Gustavo\\surface-test\\backend\\src\\errors\\ErroValidation.js","statementMap":{"0":{"start":{"line":5,"column":8},"end":{"line":5,"column":29}}},"fnMap":{"0":{"name":"(anonymous_0)","decl":{"start":{"line":4,"column":4},"end":{"line":4,"column":15}},"loc":{"start":{"line":4,"column":75},"end":{"line":6,"column":5}},"line":4}},"branchMap":{"0":{"loc":{"start":{"line":4,"column":16},"end":{"line":4,"column":73}},"type":"default-arg","locations":[{"start":{"line":4,"column":27},"end":{"line":4,"column":73}}],"line":4}},"s":{"0":32},"f":{"0":32},"b":{"0":[32]},"meta":{"lastBranch":1,"lastFunction":1,"lastStatement":1,"seen":{"f:4:4:4:15":0,"b:4:27:4:73":0,"s:5:8:5:29":0}}}
,"C:\\Users\\Gustavo\\surface-test\\backend\\src\\errors\\index.js": {"path":"C:\\Users\\Gustavo\\surface-test\\backend\\src\\errors\\index.js","statementMap":{},"fnMap":{},"branchMap":{},"s":{},"f":{},"b":{},"meta":{"lastBranch":0,"lastFunction":0,"lastStatement":0,"seen":{}}}
,"C:\\Users\\Gustavo\\surface-test\\backend\\src\\helpers\\apiResponse.js": {"path":"C:\\Users\\Gustavo\\surface-test\\backend\\src\\helpers\\apiResponse.js","statementMap":{"0":{"start":{"line":2,"column":2},"end":{"line":2,"column":61}},"1":{"start":{"line":6,"column":2},"end":{"line":6,"column":63}}},"fnMap":{"0":{"name":"sucesso","decl":{"start":{"line":1,"column":16},"end":{"line":1,"column":23}},"loc":{"start":{"line":1,"column":49},"end":{"line":3,"column":1}},"line":1},"1":{"name":"erro","decl":{"start":{"line":5,"column":16},"end":{"line":5,"column":20}},"loc":{"start":{"line":5,"column":50},"end":{"line":7,"column":1}},"line":5}},"branchMap":{"0":{"loc":{"start":{"line":1,"column":35},"end":{"line":1,"column":47}},"type":"default-arg","locations":[{"start":{"line":1,"column":44},"end":{"line":1,"column":47}}],"line":1},"1":{"loc":{"start":{"line":5,"column":36},"end":{"line":5,"column":48}},"type":"default-arg","locations":[{"start":{"line":5,"column":45},"end":{"line":5,"column":48}}],"line":5}},"s":{"0":7,"1":18},"f":{"0":7,"1":18},"b":{"0":[7],"1":[18]},"meta":{"lastBranch":2,"lastFunction":2,"lastStatement":2,"seen":{"f:1:16:1:23":0,"b:1:44:1:47":0,"s:2:2:2:61":0,"f:5:16:5:20":1,"b:5:45:5:48":1,"s:6:2:6:63":1}}}
,"C:\\Users\\Gustavo\\surface-test\\backend\\src\\helpers\\orderStatus.js": {"path":"C:\\Users\\Gustavo\\surface-test\\backend\\src\\helpers\\orderStatus.js","statementMap":{"0":{"start":{"line":1,"column":28},"end":{"line":10,"column":1}},"1":{"start":{"line":12,"column":29},"end":{"line":21,"column":1}},"2":{"start":{"line":23,"column":20},"end":{"line":32,"column":1}},"3":{"start":{"line":35,"column":18},"end":{"line":35,"column":44}},"4":{"start":{"line":36,"column":2},"end":{"line":36,"column":29}},"5":{"start":{"line":36,"column":16},"end":{"line":36,"column":29}},"6":{"start":{"line":37,"column":2},"end":{"line":37,"column":37}},"7":{"start":{"line":41,"column":2},"end":{"line":41,"column":37}},"8":{"start":{"line":45,"column":2},"end":{"line":45,"column":42}}},"fnMap":{"0":{"name":"isValidTransition","decl":{"start":{"line":34,"column":16},"end":{"line":34,"column":33}},"loc":{"start":{"line":34,"column":60},"end":{"line":38,"column":1}},"line":34},"1":{"name":"getAllStatuses","decl":{"start":{"line":40,"column":16},"end":{"line":40,"column":30}},"loc":{"start":{"line":40,"column":33},"end":{"line":42,"column":1}},"line":40},"2":{"name":"getNextStatuses","decl":{"start":{"line":44,"column":16},"end":{"line":44,"column":31}},"loc":{"start":{"line":44,"column":47},"end":{"line":46,"column":1}},"line":44}},"branchMap":{"0":{"loc":{"start":{"line":36,"column":2},"end":{"line":36,"column":29}},"type":"if","locations":[{"start":{"line":36,"column":2},"end":{"line":36,"column":29}},{"start":{},"end":{}}],"line":36},"1":{"loc":{"start":{"line":45,"column":9},"end":{"line":45,"column":41}},"type":"binary-expr","locations":[{"start":{"line":45,"column":9},"end":{"line":45,"column":35}},{"start":{"line":45,"column":39},"end":{"line":45,"column":41}}],"line":45}},"s":{"0":3,"1":3,"2":3,"3":31,"4":31,"5":2,"6":29,"7":9,"8":8},"f":{"0":31,"1":9,"2":8},"b":{"0":[2,29],"1":[8,1]},"meta":{"lastBranch":2,"lastFunction":3,"lastStatement":9,"seen":{"s:1:28:10:1":0,"s:12:29:21:1":1,"s:23:20:32:1":2,"f:34:16:34:33":0,"s:35:18:35:44":3,"b:36:2:36:29:undefined:undefined:undefined:undefined":0,"s:36:2:36:29":4,"s:36:16:36:29":5,"s:37:2:37:37":6,"f:40:16:40:30":1,"s:41:2:41:37":7,"f:44:16:44:31":2,"s:45:2:45:42":8,"b:45:9:45:35:45:39:45:41":1}}}
,"C:\\Users\\Gustavo\\surface-test\\backend\\src\\helpers\\whatsapp.js": {"path":"C:\\Users\\Gustavo\\surface-test\\backend\\src\\helpers\\whatsapp.js","statementMap":{"0":{"start":{"line":1,"column":24},"end":{"line":1,"column":39}},"1":{"start":{"line":4,"column":2},"end":{"line":7,"column":null}},"2":{"start":{"line":11,"column":23},"end":{"line":11,"column":77}},"3":{"start":{"line":12,"column":16},"end":{"line":12,"column":42}},"4":{"start":{"line":14,"column":16},"end":{"line":18,"column":3}},"5":{"start":{"line":20,"column":2},"end":{"line":22,"column":null}},"6":{"start":{"line":21,"column":4},"end":{"line":21,"column":null}},"7":{"start":{"line":24,"column":2},"end":{"line":24,"column":null}},"8":{"start":{"line":26,"column":2},"end":{"line":37,"column":null}},"9":{"start":{"line":27,"column":17},"end":{"line":27,"column":56}},"10":{"start":{"line":28,"column":17},"end":{"line":28,"column":58}},"11":{"start":{"line":29,"column":20},"end":{"line":29,"column":44}},"12":{"start":{"line":30,"column":16},"end":{"line":30,"column":31}},"13":{"start":{"line":31,"column":22},"end":{"line":31,"column":49}},"14":{"start":{"line":32,"column":22},"end":{"line":32,"column":37}},"15":{"start":{"line":34,"column":4},"end":{"line":36,"column":null}},"16":{"start":{"line":39,"column":2},"end":{"line":39,"column":null}},"17":{"start":{"line":41,"column":2},"end":{"line":43,"column":null}},"18":{"start":{"line":42,"column":4},"end":{"line":42,"column":null}},"19":{"start":{"line":45,"column":2},"end":{"line":47,"column":null}},"20":{"start":{"line":46,"column":4},"end":{"line":46,"column":null}},"21":{"start":{"line":49,"column":2},"end":{"line":53,"column":null}},"22":{"start":{"line":50,"column":4},"end":{"line":50,"column":null}},"23":{"start":{"line":52,"column":4},"end":{"line":52,"column":null}},"24":{"start":{"line":55,"column":2},"end":{"line":55,"column":null}},"25":{"start":{"line":56,"column":2},"end":{"line":56,"column":null}},"26":{"start":{"line":58,"column":2},"end":{"line":58,"column":null}},"27":{"start":{"line":62,"column":18},"end":{"line":62,"column":45}},"28":{"start":{"line":63,"column":2},"end":{"line":63,"column":null}}},"fnMap":{"0":{"name":"formatCurrency","decl":{"start":{"line":3,"column":9},"end":{"line":3,"column":23}},"loc":{"start":{"line":3,"column":31},"end":{"line":8,"column":null}},"line":3},"1":{"name":"buildWhatsAppMessage","decl":{"start":{"line":10,"column":16},"end":{"line":10,"column":36}},"loc":{"start":{"line":10,"column":44},"end":{"line":59,"column":null}},"line":10},"2":{"name":"(anonymous_2)","decl":{"start":{"line":26,"column":16},"end":{"line":26,"column":17}},"loc":{"start":{"line":26,"column":29},"end":{"line":37,"column":3}},"line":26},"3":{"name":"generateWhatsAppLink","decl":{"start":{"line":61,"column":16},"end":{"line":61,"column":36}},"loc":{"start":{"line":61,"column":46},"end":{"line":64,"column":null}},"line":61}},"branchMap":{"0":{"loc":{"start":{"line":11,"column":23},"end":{"line":11,"column":77}},"type":"binary-expr","locations":[{"start":{"line":11,"column":23},"end":{"line":11,"column":41}},{"start":{"line":11,"column":45},"end":{"line":11,"column":64}},{"start":{"line":11,"column":68},"end":{"line":11,"column":77}}],"line":11},"1":{"loc":{"start":{"line":12,"column":16},"end":{"line":12,"column":42}},"type":"binary-expr","locations":[{"start":{"line":12,"column":16},"end":{"line":12,"column":36}},{"start":{"line":12,"column":40},"end":{"line":12,"column":42}}],"line":12},"2":{"loc":{"start":{"line":20,"column":2},"end":{"line":22,"column":null}},"type":"if","locations":[{"start":{"line":20,"column":2},"end":{"line":22,"column":null}},{"start":{},"end":{}}],"line":20},"3":{"loc":{"start":{"line":27,"column":17},"end":{"line":27,"column":56}},"type":"binary-expr","locations":[{"start":{"line":27,"column":17},"end":{"line":27,"column":43}},{"start":{"line":27,"column":47},"end":{"line":27,"column":56}}],"line":27},"4":{"loc":{"start":{"line":28,"column":17},"end":{"line":28,"column":58}},"type":"binary-expr","locations":[{"start":{"line":28,"column":17},"end":{"line":28,"column":52}},{"start":{"line":28,"column":56},"end":{"line":28,"column":58}}],"line":28},"5":{"loc":{"start":{"line":29,"column":20},"end":{"line":29,"column":44}},"type":"cond-expr","locations":[{"start":{"line":29,"column":27},"end":{"line":29,"column":39}},{"start":{"line":29,"column":42},"end":{"line":29,"column":44}}],"line":29},"6":{"loc":{"start":{"line":41,"column":2},"end":{"line":43,"column":null}},"type":"if","locations":[{"start":{"line":41,"column":2},"end":{"line":43,"column":null}},{"start":{},"end":{}}],"line":41},"7":{"loc":{"start":{"line":41,"column":6},"end":{"line":41,"column":54}},"type":"binary-expr","locations":[{"start":{"line":41,"column":6},"end":{"line":41,"column":24}},{"start":{"line":41,"column":28},"end":{"line":41,"column":54}}],"line":41},"8":{"loc":{"start":{"line":45,"column":2},"end":{"line":47,"column":null}},"type":"if","locations":[{"start":{"line":45,"column":2},"end":{"line":47,"column":null}},{"start":{},"end":{}}],"line":45},"9":{"loc":{"start":{"line":49,"column":2},"end":{"line":53,"column":null}},"type":"if","locations":[{"start":{"line":49,"column":2},"end":{"line":53,"column":null}},{"start":{"line":51,"column":9},"end":{"line":53,"column":null}}],"line":49}},"s":{"0":3,"1":98,"2":14,"3":14,"4":14,"5":14,"6":14,"7":14,"8":14,"9":28,"10":28,"11":28,"12":28,"13":28,"14":28,"15":28,"16":14,"17":14,"18":0,"19":14,"20":1,"21":14,"22":13,"23":1,"24":14,"25":14,"26":14,"27":4,"28":4},"f":{"0":98,"1":14,"2":28,"3":4},"b":{"0":[14,13,1],"1":[14,0],"2":[14,0],"3":[28,0],"4":[28,0],"5":[28,0],"6":[0,14],"7":[14,0],"8":[1,13],"9":[13,1]},"meta":{"lastBranch":10,"lastFunction":4,"lastStatement":29,"seen":{"s:1:24:1:39":0,"f:3:9:3:23":0,"s:4:2:7:Infinity":1,"f:10:16:10:36":1,"s:11:23:11:77":2,"b:11:23:11:41:11:45:11:64:11:68:11:77":0,"s:12:16:12:42":3,"b:12:16:12:36:12:40:12:42":1,"s:14:16:18:3":4,"b:20:2:22:Infinity:undefined:undefined:undefined:undefined":2,"s:20:2:22:Infinity":5,"s:21:4:21:Infinity":6,"s:24:2:24:Infinity":7,"s:26:2:37:Infinity":8,"f:26:16:26:17":2,"s:27:17:27:56":9,"b:27:17:27:43:27:47:27:56":3,"s:28:17:28:58":10,"b:28:17:28:52:28:56:28:58":4,"s:29:20:29:44":11,"b:29:27:29:39:29:42:29:44":5,"s:30:16:30:31":12,"s:31:22:31:49":13,"s:32:22:32:37":14,"s:34:4:36:Infinity":15,"s:39:2:39:Infinity":16,"b:41:2:43:Infinity:undefined:undefined:undefined:undefined":6,"s:41:2:43:Infinity":17,"b:41:6:41:24:41:28:41:54":7,"s:42:4:42:Infinity":18,"b:45:2:47:Infinity:undefined:undefined:undefined:undefined":8,"s:45:2:47:Infinity":19,"s:46:4:46:Infinity":20,"b:49:2:53:Infinity:51:9:53:Infinity":9,"s:49:2:53:Infinity":21,"s:50:4:50:Infinity":22,"s:52:4:52:Infinity":23,"s:55:2:55:Infinity":24,"s:56:2:56:Infinity":25,"s:58:2:58:Infinity":26,"f:61:16:61:36":3,"s:62:18:62:45":27,"s:63:2:63:Infinity":28}}}
,"C:\\Users\\Gustavo\\surface-test\\backend\\src\\middlewares\\authMiddleware.js": {"path":"C:\\Users\\Gustavo\\surface-test\\backend\\src\\middlewares\\authMiddleware.js","statementMap":{"0":{"start":{"line":9,"column":0},"end":{"line":9,"column":16}},"1":{"start":{"line":11,"column":0},"end":{"line":13,"column":1}},"2":{"start":{"line":12,"column":4},"end":{"line":12,"column":73}},"3":{"start":{"line":15,"column":30},"end":{"line":43,"column":1}},"4":{"start":{"line":16,"column":4},"end":{"line":42,"column":5}},"5":{"start":{"line":17,"column":27},"end":{"line":17,"column":55}},"6":{"start":{"line":18,"column":22},"end":{"line":20,"column":24}},"7":{"start":{"line":22,"column":8},"end":{"line":22,"column":45}},"8":{"start":{"line":22,"column":20},"end":{"line":22,"column":45}},"9":{"start":{"line":25,"column":8},"end":{"line":30,"column":9}},"10":{"start":{"line":26,"column":12},"end":{"line":26,"column":64}},"11":{"start":{"line":28,"column":12},"end":{"line":28,"column":80}},"12":{"start":{"line":28,"column":50},"end":{"line":28,"column":80}},"13":{"start":{"line":29,"column":12},"end":{"line":29,"column":42}},"14":{"start":{"line":32,"column":8},"end":{"line":36,"column":10}},"15":{"start":{"line":38,"column":8},"end":{"line":38,"column":15}},"16":{"start":{"line":40,"column":8},"end":{"line":40,"column":59}},"17":{"start":{"line":40,"column":26},"end":{"line":40,"column":59}},"18":{"start":{"line":41,"column":8},"end":{"line":41,"column":78}},"19":{"start":{"line":45,"column":38},"end":{"line":64,"column":1}},"20":{"start":{"line":46,"column":4},"end":{"line":62,"column":null}},"21":{"start":{"line":47,"column":27},"end":{"line":47,"column":55}},"22":{"start":{"line":48,"column":22},"end":{"line":50,"column":24}},"23":{"start":{"line":52,"column":8},"end":{"line":52,"column":null}},"24":{"start":{"line":52,"column":20},"end":{"line":52,"column":null}},"25":{"start":{"line":54,"column":24},"end":{"line":54,"column":65}},"26":{"start":{"line":55,"column":8},"end":{"line":59,"column":null}},"27":{"start":{"line":63,"column":4},"end":{"line":63,"column":null}},"28":{"start":{"line":66,"column":31},"end":{"line":79,"column":1}},"29":{"start":{"line":67,"column":4},"end":{"line":69,"column":5}},"30":{"start":{"line":68,"column":8},"end":{"line":68,"column":76}},"31":{"start":{"line":72,"column":4},"end":{"line":74,"column":5}},"32":{"start":{"line":73,"column":8},"end":{"line":73,"column":22}},"33":{"start":{"line":76,"column":4},"end":{"line":78,"column":7}},"34":{"start":{"line":81,"column":19},"end":{"line":81,"column":30}},"35":{"start":{"line":82,"column":21},"end":{"line":82,"column":42}},"36":{"start":{"line":85,"column":4},"end":{"line":85,"column":46}},"37":{"start":{"line":85,"column":32},"end":{"line":85,"column":46}},"38":{"start":{"line":86,"column":4},"end":{"line":86,"column":43}},"39":{"start":{"line":86,"column":29},"end":{"line":86,"column":43}},"40":{"start":{"line":88,"column":4},"end":{"line":90,"column":7}}},"fnMap":{"0":{"name":"(anonymous_0)","decl":{"start":{"line":15,"column":30},"end":{"line":15,"column":31}},"loc":{"start":{"line":15,"column":50},"end":{"line":43,"column":1}},"line":15},"1":{"name":"(anonymous_1)","decl":{"start":{"line":45,"column":38},"end":{"line":45,"column":39}},"loc":{"start":{"line":45,"column":59},"end":{"line":64,"column":1}},"line":45},"2":{"name":"(anonymous_2)","decl":{"start":{"line":66,"column":31},"end":{"line":66,"column":32}},"loc":{"start":{"line":66,"column":51},"end":{"line":79,"column":1}},"line":66},"3":{"name":"isOwnerOrAdmin","decl":{"start":{"line":80,"column":16},"end":{"line":80,"column":30}},"loc":{"start":{"line":80,"column":47},"end":{"line":91,"column":1}},"line":80}},"branchMap":{"0":{"loc":{"start":{"line":11,"column":0},"end":{"line":13,"column":1}},"type":"if","locations":[{"start":{"line":11,"column":0},"end":{"line":13,"column":1}},{"start":{},"end":{}}],"line":11},"1":{"loc":{"start":{"line":18,"column":22},"end":{"line":20,"column":24}},"type":"cond-expr","locations":[{"start":{"line":19,"column":14},"end":{"line":19,"column":38}},{"start":{"line":20,"column":14},"end":{"line":20,"column":24}}],"line":18},"2":{"loc":{"start":{"line":22,"column":8},"end":{"line":22,"column":45}},"type":"if","locations":[{"start":{"line":22,"column":8},"end":{"line":22,"column":45}},{"start":{},"end":{}}],"line":22},"3":{"loc":{"start":{"line":28,"column":12},"end":{"line":28,"column":80}},"type":"if","locations":[{"start":{"line":28,"column":12},"end":{"line":28,"column":80}},{"start":{},"end":{}}],"line":28},"4":{"loc":{"start":{"line":40,"column":8},"end":{"line":40,"column":59}},"type":"if","locations":[{"start":{"line":40,"column":8},"end":{"line":40,"column":59}},{"start":{},"end":{}}],"line":40},"5":{"loc":{"start":{"line":48,"column":22},"end":{"line":50,"column":24}},"type":"cond-expr","locations":[{"start":{"line":49,"column":14},"end":{"line":49,"column":null}},{"start":{"line":50,"column":14},"end":{"line":50,"column":24}}],"line":48},"6":{"loc":{"start":{"line":52,"column":8},"end":{"line":52,"column":null}},"type":"if","locations":[{"start":{"line":52,"column":8},"end":{"line":52,"column":null}},{"start":{},"end":{}}],"line":52},"7":{"loc":{"start":{"line":67,"column":4},"end":{"line":69,"column":5}},"type":"if","locations":[{"start":{"line":67,"column":4},"end":{"line":69,"column":5}},{"start":{},"end":{}}],"line":67},"8":{"loc":{"start":{"line":72,"column":4},"end":{"line":74,"column":5}},"type":"if","locations":[{"start":{"line":72,"column":4},"end":{"line":74,"column":5}},{"start":{},"end":{}}],"line":72},"9":{"loc":{"start":{"line":85,"column":4},"end":{"line":85,"column":46}},"type":"if","locations":[{"start":{"line":85,"column":4},"end":{"line":85,"column":46}},{"start":{},"end":{}}],"line":85},"10":{"loc":{"start":{"line":86,"column":4},"end":{"line":86,"column":43}},"type":"if","locations":[{"start":{"line":86,"column":4},"end":{"line":86,"column":43}},{"start":{},"end":{}}],"line":86}},"s":{"0":3,"1":3,"2":0,"3":3,"4":4,"5":4,"6":4,"7":4,"8":1,"9":3,"10":3,"11":2,"12":1,"13":1,"14":1,"15":1,"16":3,"17":3,"18":0,"19":3,"20":3,"21":3,"22":3,"23":3,"24":1,"25":2,"26":2,"27":2,"28":3,"29":3,"30":1,"31":2,"32":1,"33":1,"34":3,"35":3,"36":3,"37":1,"38":2,"39":2,"40":1},"f":{"0":4,"1":3,"2":3,"3":3},"b":{"0":[0,3],"1":[3,1],"2":[1,3],"3":[1,1],"4":[3,0],"5":[2,1],"6":[1,2],"7":[1,2],"8":[1,1],"9":[1,2],"10":[1,1]},"meta":{"lastBranch":11,"lastFunction":4,"lastStatement":41,"seen":{"s:9:0:9:16":0,"b:11:0:13:1:undefined:undefined:undefined:undefined":0,"s:11:0:13:1":1,"s:12:4:12:73":2,"s:15:30:43:1":3,"f:15:30:15:31":0,"s:16:4:42:5":4,"s:17:27:17:55":5,"s:18:22:20:24":6,"b:19:14:19:38:20:14:20:24":1,"b:22:8:22:45:undefined:undefined:undefined:undefined":2,"s:22:8:22:45":7,"s:22:20:22:45":8,"s:25:8:30:9":9,"s:26:12:26:64":10,"b:28:12:28:80:undefined:undefined:undefined:undefined":3,"s:28:12:28:80":11,"s:28:50:28:80":12,"s:29:12:29:42":13,"s:32:8:36:10":14,"s:38:8:38:15":15,"b:40:8:40:59:undefined:undefined:undefined:undefined":4,"s:40:8:40:59":16,"s:40:26:40:59":17,"s:41:8:41:78":18,"s:45:38:64:1":19,"f:45:38:45:39":1,"s:46:4:62:Infinity":20,"s:47:27:47:55":21,"s:48:22:50:24":22,"b:49:14:49:Infinity:50:14:50:24":5,"b:52:8:52:Infinity:undefined:undefined:undefined:undefined":6,"s:52:8:52:Infinity":23,"s:52:20:52:Infinity":24,"s:54:24:54:65":25,"s:55:8:59:Infinity":26,"s:63:4:63:Infinity":27,"s:66:31:79:1":28,"f:66:31:66:32":2,"b:67:4:69:5:undefined:undefined:undefined:undefined":7,"s:67:4:69:5":29,"s:68:8:68:76":30,"b:72:4:74:5:undefined:undefined:undefined:undefined":8,"s:72:4:74:5":31,"s:73:8:73:22":32,"s:76:4:78:7":33,"f:80:16:80:30":3,"s:81:19:81:30":34,"s:82:21:82:42":35,"b:85:4:85:46:undefined:undefined:undefined:undefined":9,"s:85:4:85:46":36,"s:85:32:85:46":37,"b:86:4:86:43:undefined:undefined:undefined:undefined":10,"s:86:4:86:43":38,"s:86:29:86:43":39,"s:88:4:90:7":40}}}
,"C:\\Users\\Gustavo\\surface-test\\backend\\src\\middlewares\\erroMiddleware.js": {"path":"C:\\Users\\Gustavo\\surface-test\\backend\\src\\middlewares\\erroMiddleware.js","statementMap":{"0":{"start":{"line":3,"column":30},"end":{"line":10,"column":1}},"1":{"start":{"line":4,"column":4},"end":{"line":6,"column":5}},"2":{"start":{"line":5,"column":4},"end":{"line":5,"column":36}},"3":{"start":{"line":8,"column":4},"end":{"line":8,"column":45}},"4":{"start":{"line":9,"column":4},"end":{"line":9,"column":68}}},"fnMap":{"0":{"name":"(anonymous_0)","decl":{"start":{"line":3,"column":30},"end":{"line":3,"column":31}},"loc":{"start":{"line":3,"column":56},"end":{"line":10,"column":1}},"line":3}},"branchMap":{"0":{"loc":{"start":{"line":4,"column":4},"end":{"line":6,"column":5}},"type":"if","locations":[{"start":{"line":4,"column":4},"end":{"line":6,"column":5}},{"start":{},"end":{}}],"line":4}},"s":{"0":1,"1":0,"2":0,"3":0,"4":0},"f":{"0":0},"b":{"0":[0,0]},"meta":{"lastBranch":1,"lastFunction":1,"lastStatement":5,"seen":{"s:3:30:10:1":0,"f:3:30:3:31":0,"b:4:4:6:5:undefined:undefined:undefined:undefined":0,"s:4:4:6:5":1,"s:5:4:5:36":2,"s:8:4:8:45":3,"s:9:4:9:68":4}}}
,"C:\\Users\\Gustavo\\surface-test\\backend\\src\\middlewares\\storeStatusMiddleware.js": {"path":"C:\\Users\\Gustavo\\surface-test\\backend\\src\\middlewares\\storeStatusMiddleware.js","statementMap":{"0":{"start":{"line":3,"column":19},"end":{"line":3,"column":23}},"1":{"start":{"line":4,"column":16},"end":{"line":4,"column":17}},"2":{"start":{"line":5,"column":18},"end":{"line":5,"column":24}},"3":{"start":{"line":8,"column":14},"end":{"line":8,"column":24}},"4":{"start":{"line":9,"column":2},"end":{"line":14,"column":3}},"5":{"start":{"line":10,"column":4},"end":{"line":12,"column":7}},"6":{"start":{"line":13,"column":4},"end":{"line":13,"column":20}},"7":{"start":{"line":15,"column":2},"end":{"line":15,"column":22}},"8":{"start":{"line":18,"column":32},"end":{"line":48,"column":1}},"9":{"start":{"line":19,"column":2},"end":{"line":47,"column":3}},"10":{"start":{"line":20,"column":19},"end":{"line":20,"column":36}},"11":{"start":{"line":21,"column":21},"end":{"line":21,"column":54}},"12":{"start":{"line":23,"column":4},"end":{"line":42,"column":5}},"13":{"start":{"line":25,"column":6},"end":{"line":33,"column":7}},"14":{"start":{"line":26,"column":27},"end":{"line":26,"column":62}},"15":{"start":{"line":27,"column":8},"end":{"line":32,"column":9}},"16":{"start":{"line":28,"column":25},"end":{"line":28,"column":102}},"17":{"start":{"line":29,"column":10},"end":{"line":31,"column":11}},"18":{"start":{"line":30,"column":12},"end":{"line":30,"column":26}},"19":{"start":{"line":35,"column":6},"end":{"line":41,"column":9}},"20":{"start":{"line":44,"column":4},"end":{"line":44,"column":11}},"21":{"start":{"line":46,"column":4},"end":{"line":46,"column":11}},"22":{"start":{"line":50,"column":42},"end":{"line":53,"column":1}},"23":{"start":{"line":51,"column":2},"end":{"line":51,"column":22}},"24":{"start":{"line":52,"column":2},"end":{"line":52,"column":16}}},"fnMap":{"0":{"name":"getConfig","decl":{"start":{"line":7,"column":15},"end":{"line":7,"column":24}},"loc":{"start":{"line":7,"column":27},"end":{"line":16,"column":1}},"line":7},"1":{"name":"(anonymous_1)","decl":{"start":{"line":18,"column":32},"end":{"line":18,"column":37}},"loc":{"start":{"line":18,"column":58},"end":{"line":48,"column":1}},"line":18},"2":{"name":"(anonymous_2)","decl":{"start":{"line":50,"column":42},"end":{"line":50,"column":43}},"loc":{"start":{"line":50,"column":48},"end":{"line":53,"column":1}},"line":50}},"branchMap":{"0":{"loc":{"start":{"line":9,"column":2},"end":{"line":14,"column":3}},"type":"if","locations":[{"start":{"line":9,"column":2},"end":{"line":14,"column":3}},{"start":{},"end":{}}],"line":9},"1":{"loc":{"start":{"line":9,"column":6},"end":{"line":9,"column":58}},"type":"binary-expr","locations":[{"start":{"line":9,"column":6},"end":{"line":9,"column":27}},{"start":{"line":9,"column":31},"end":{"line":9,"column":58}}],"line":9},"2":{"loc":{"start":{"line":21,"column":21},"end":{"line":21,"column":54}},"type":"cond-expr","locations":[{"start":{"line":21,"column":30},"end":{"line":21,"column":47}},{"start":{"line":21,"column":50},"end":{"line":21,"column":54}}],"line":21},"3":{"loc":{"start":{"line":23,"column":4},"end":{"line":42,"column":5}},"type":"if","locations":[{"start":{"line":23,"column":4},"end":{"line":42,"column":5}},{"start":{},"end":{}}],"line":23},"4":{"loc":{"start":{"line":25,"column":6},"end":{"line":33,"column":7}},"type":"if","locations":[{"start":{"line":25,"column":6},"end":{"line":33,"column":7}},{"start":{},"end":{}}],"line":25},"5":{"loc":{"start":{"line":27,"column":8},"end":{"line":32,"column":9}},"type":"if","locations":[{"start":{"line":27,"column":8},"end":{"line":32,"column":9}},{"start":{},"end":{}}],"line":27},"6":{"loc":{"start":{"line":29,"column":10},"end":{"line":31,"column":11}},"type":"if","locations":[{"start":{"line":29,"column":10},"end":{"line":31,"column":11}},{"start":{},"end":{}}],"line":29},"7":{"loc":{"start":{"line":39,"column":23},"end":{"line":39,"column":52}},"type":"binary-expr","locations":[{"start":{"line":39,"column":23},"end":{"line":39,"column":44}},{"start":{"line":39,"column":48},"end":{"line":39,"column":52}}],"line":39},"8":{"loc":{"start":{"line":40,"column":28},"end":{"line":40,"column":63}},"type":"binary-expr","locations":[{"start":{"line":40,"column":28},"end":{"line":40,"column":54}},{"start":{"line":40,"column":58},"end":{"line":40,"column":63}}],"line":40}},"s":{"0":2,"1":2,"2":2,"3":9,"4":9,"5":8,"6":7,"7":8,"8":2,"9":9,"10":9,"11":8,"12":9,"13":3,"14":2,"15":2,"16":2,"17":2,"18":1,"19":2,"20":5,"21":1,"22":2,"23":10,"24":10},"f":{"0":9,"1":9,"2":10},"b":{"0":[8,1],"1":[9,1],"2":[7,1],"3":[3,6],"4":[2,1],"5":[2,0],"6":[1,1],"7":[2,2],"8":[3,1]},"meta":{"lastBranch":9,"lastFunction":3,"lastStatement":25,"seen":{"s:3:19:3:23":0,"s:4:16:4:17":1,"s:5:18:5:24":2,"f:7:15:7:24":0,"s:8:14:8:24":3,"b:9:2:14:3:undefined:undefined:undefined:undefined":0,"s:9:2:14:3":4,"b:9:6:9:27:9:31:9:58":1,"s:10:4:12:7":5,"s:13:4:13:20":6,"s:15:2:15:22":7,"s:18:32:48:1":8,"f:18:32:18:37":1,"s:19:2:47:3":9,"s:20:19:20:36":10,"s:21:21:21:54":11,"b:21:30:21:47:21:50:21:54":2,"b:23:4:42:5:undefined:undefined:undefined:undefined":3,"s:23:4:42:5":12,"b:25:6:33:7:undefined:undefined:undefined:undefined":4,"s:25:6:33:7":13,"s:26:27:26:62":14,"b:27:8:32:9:undefined:undefined:undefined:undefined":5,"s:27:8:32:9":15,"s:28:25:28:102":16,"b:29:10:31:11:undefined:undefined:undefined:undefined":6,"s:29:10:31:11":17,"s:30:12:30:26":18,"s:35:6:41:9":19,"b:39:23:39:44:39:48:39:52":7,"b:40:28:40:54:40:58:40:63":8,"s:44:4:44:11":20,"s:46:4:46:11":21,"s:50:42:53:1":22,"f:50:42:50:43":2,"s:51:2:51:22":23,"s:52:2:52:16":24}}}
,"C:\\Users\\Gustavo\\surface-test\\backend\\src\\middlewares\\vaildateBody.js": {"path":"C:\\Users\\Gustavo\\surface-test\\backend\\src\\middlewares\\vaildateBody.js","statementMap":{"0":{"start":{"line":2,"column":17},"end":{"line":2,"column":25}},"1":{"start":{"line":4,"column":21},"end":{"line":4,"column":70}},"2":{"start":{"line":6,"column":4},"end":{"line":8,"column":5}},"3":{"start":{"line":7,"column":8},"end":{"line":7,"column":94}},"4":{"start":{"line":10,"column":4},"end":{"line":14,"column":5}},"5":{"start":{"line":11,"column":8},"end":{"line":13,"column":9}},"6":{"start":{"line":12,"column":12},"end":{"line":12,"column":110}},"7":{"start":{"line":15,"column":4},"end":{"line":15,"column":24}},"8":{"start":{"line":16,"column":4},"end":{"line":16,"column":11}}},"fnMap":{"0":{"name":"validateBody","decl":{"start":{"line":1,"column":16},"end":{"line":1,"column":28}},"loc":{"start":{"line":1,"column":45},"end":{"line":17,"column":1}},"line":1}},"branchMap":{"0":{"loc":{"start":{"line":4,"column":21},"end":{"line":4,"column":70}},"type":"cond-expr","locations":[{"start":{"line":4,"column":43},"end":{"line":4,"column":47}},{"start":{"line":4,"column":51},"end":{"line":4,"column":69}}],"line":4},"1":{"loc":{"start":{"line":4,"column":51},"end":{"line":4,"column":69}},"type":"cond-expr","locations":[{"start":{"line":4,"column":58},"end":{"line":4,"column":64}},{"start":{"line":4,"column":67},"end":{"line":4,"column":69}}],"line":4},"2":{"loc":{"start":{"line":6,"column":4},"end":{"line":8,"column":5}},"type":"if","locations":[{"start":{"line":6,"column":4},"end":{"line":8,"column":5}},{"start":{},"end":{}}],"line":6},"3":{"loc":{"start":{"line":11,"column":8},"end":{"line":13,"column":9}},"type":"if","locations":[{"start":{"line":11,"column":8},"end":{"line":13,"column":9}},{"start":{},"end":{}}],"line":11}},"s":{"0":5,"1":5,"2":5,"3":2,"4":3,"5":4,"6":1,"7":2,"8":2},"f":{"0":5},"b":{"0":[3,2],"1":[1,1],"2":[2,3],"3":[1,3]},"meta":{"lastBranch":4,"lastFunction":1,"lastStatement":9,"seen":{"f:1:16:1:28":0,"s:2:17:2:25":0,"s:4:21:4:70":1,"b:4:43:4:47:4:51:4:69":0,"b:4:58:4:64:4:67:4:69":1,"b:6:4:8:5:undefined:undefined:undefined:undefined":2,"s:6:4:8:5":2,"s:7:8:7:94":3,"s:10:4:14:5":4,"b:11:8:13:9:undefined:undefined:undefined:undefined":3,"s:11:8:13:9":5,"s:12:12:12:110":6,"s:15:4:15:24":7,"s:16:4:16:11":8}}}
,"C:\\Users\\Gustavo\\surface-test\\backend\\src\\middlewares\\validateBody.js": {"path":"C:\\Users\\Gustavo\\surface-test\\backend\\src\\middlewares\\validateBody.js","statementMap":{"0":{"start":{"line":4,"column":2},"end":{"line":15,"column":null}},"1":{"start":{"line":5,"column":19},"end":{"line":5,"column":45}},"2":{"start":{"line":6,"column":4},"end":{"line":12,"column":null}},"3":{"start":{"line":7,"column":6},"end":{"line":11,"column":null}},"4":{"start":{"line":13,"column":4},"end":{"line":13,"column":null}},"5":{"start":{"line":14,"column":4},"end":{"line":14,"column":null}},"6":{"start":{"line":19,"column":27},"end":{"line":22,"column":2}},"7":{"start":{"line":24,"column":30},"end":{"line":29,"column":2}},"8":{"start":{"line":31,"column":35},"end":{"line":33,"column":2}},"9":{"start":{"line":35,"column":42},"end":{"line":38,"column":2}}},"fnMap":{"0":{"name":"validateBody","decl":{"start":{"line":3,"column":16},"end":{"line":3,"column":28}},"loc":{"start":{"line":3,"column":37},"end":{"line":16,"column":null}},"line":3},"1":{"name":"(anonymous_1)","decl":{"start":{"line":4,"column":9},"end":{"line":4,"column":10}},"loc":{"start":{"line":4,"column":29},"end":{"line":15,"column":3}},"line":4}},"branchMap":{"0":{"loc":{"start":{"line":6,"column":4},"end":{"line":12,"column":null}},"type":"if","locations":[{"start":{"line":6,"column":4},"end":{"line":12,"column":null}},{"start":{},"end":{}}],"line":6}},"s":{"0":4,"1":4,"2":4,"3":4,"4":0,"5":0,"6":1,"7":1,"8":1,"9":1},"f":{"0":4,"1":4},"b":{"0":[4,0]},"meta":{"lastBranch":1,"lastFunction":2,"lastStatement":10,"seen":{"f:3:16:3:28":0,"s:4:2:15:Infinity":0,"f:4:9:4:10":1,"s:5:19:5:45":1,"b:6:4:12:Infinity:undefined:undefined:undefined:undefined":0,"s:6:4:12:Infinity":2,"s:7:6:11:Infinity":3,"s:13:4:13:Infinity":4,"s:14:4:14:Infinity":5,"s:19:27:22:2":6,"s:24:30:29:2":7,"s:31:35:33:2":8,"s:35:42:38:2":9}}}
,"C:\\Users\\Gustavo\\surface-test\\backend\\src\\repositories\\salesRepository.js": {"path":"C:\\Users\\Gustavo\\surface-test\\backend\\src\\repositories\\salesRepository.js","statementMap":{"0":{"start":{"line":3,"column":23},"end":{"line":3,"column":54}},"1":{"start":{"line":6,"column":2},"end":{"line":6,"column":null}},"2":{"start":{"line":6,"column":14},"end":{"line":6,"column":null}},"3":{"start":{"line":7,"column":2},"end":{"line":7,"column":null}},"4":{"start":{"line":7,"column":28},"end":{"line":7,"column":null}},"5":{"start":{"line":8,"column":2},"end":{"line":14,"column":null}},"6":{"start":{"line":9,"column":4},"end":{"line":13,"column":null}},"7":{"start":{"line":10,"column":6},"end":{"line":10,"column":null}},"8":{"start":{"line":12,"column":6},"end":{"line":12,"column":null}},"9":{"start":{"line":15,"column":2},"end":{"line":15,"column":null}},"10":{"start":{"line":19,"column":21},"end":{"line":19,"column":94}},"11":{"start":{"line":20,"column":28},"end":{"line":20,"column":81}},"12":{"start":{"line":20,"column":53},"end":{"line":20,"column":80}},"13":{"start":{"line":22,"column":2},"end":{"line":34,"column":null}},"14":{"start":{"line":26,"column":46},"end":{"line":30,"column":5}},"15":{"start":{"line":31,"column":43},"end":{"line":31,"column":53}},"16":{"start":{"line":32,"column":49},"end":{"line":32,"column":78}},"17":{"start":{"line":39,"column":4},"end":{"line":39,"column":null}},"18":{"start":{"line":39,"column":15},"end":{"line":39,"column":null}},"19":{"start":{"line":40,"column":4},"end":{"line":40,"column":null}},"20":{"start":{"line":40,"column":22},"end":{"line":40,"column":null}},"21":{"start":{"line":41,"column":16},"end":{"line":41,"column":54}},"22":{"start":{"line":42,"column":4},"end":{"line":42,"column":null}},"23":{"start":{"line":42,"column":14},"end":{"line":42,"column":null}},"24":{"start":{"line":43,"column":23},"end":{"line":45,"column":10}},"25":{"start":{"line":46,"column":29},"end":{"line":46,"column":81}},"26":{"start":{"line":46,"column":52},"end":{"line":46,"column":80}},"27":{"start":{"line":47,"column":4},"end":{"line":47,"column":null}},"28":{"start":{"line":47,"column":35},"end":{"line":47,"column":null}},"29":{"start":{"line":48,"column":4},"end":{"line":48,"column":null}},"30":{"start":{"line":51,"column":2},"end":{"line":64,"column":null}},"31":{"start":{"line":53,"column":62},"end":{"line":63,"column":5}},"32":{"start":{"line":57,"column":27},"end":{"line":59,"column":14}},"33":{"start":{"line":60,"column":24},"end":{"line":60,"column":102}},"34":{"start":{"line":60,"column":47},"end":{"line":60,"column":101}},"35":{"start":{"line":61,"column":8},"end":{"line":61,"column":null}},"36":{"start":{"line":68,"column":79},"end":{"line":68,"column":88}},"37":{"start":{"line":70,"column":18},"end":{"line":70,"column":50}},"38":{"start":{"line":71,"column":19},"end":{"line":71,"column":68}},"39":{"start":{"line":73,"column":18},"end":{"line":73,"column":20}},"40":{"start":{"line":74,"column":17},"end":{"line":74,"column":19}},"41":{"start":{"line":75,"column":12},"end":{"line":75,"column":13}},"42":{"start":{"line":77,"column":2},"end":{"line":80,"column":null}},"43":{"start":{"line":78,"column":4},"end":{"line":78,"column":null}},"44":{"start":{"line":79,"column":4},"end":{"line":79,"column":null}},"45":{"start":{"line":81,"column":2},"end":{"line":84,"column":null}},"46":{"start":{"line":82,"column":4},"end":{"line":82,"column":null}},"47":{"start":{"line":83,"column":4},"end":{"line":83,"column":null}},"48":{"start":{"line":85,"column":2},"end":{"line":88,"column":null}},"49":{"start":{"line":86,"column":4},"end":{"line":86,"column":null}},"50":{"start":{"line":87,"column":4},"end":{"line":87,"column":null}},"51":{"start":{"line":89,"column":2},"end":{"line":94,"column":null}},"52":{"start":{"line":90,"column":17},"end":{"line":90,"column":45}},"53":{"start":{"line":91,"column":4},"end":{"line":91,"column":null}},"54":{"start":{"line":92,"column":4},"end":{"line":92,"column":null}},"55":{"start":{"line":93,"column":4},"end":{"line":93,"column":null}},"56":{"start":{"line":96,"column":19},"end":{"line":96,"column":73}},"57":{"start":{"line":97,"column":19},"end":{"line":99,"column":35}},"58":{"start":{"line":101,"column":19},"end":{"line":110,"column":3}},"59":{"start":{"line":112,"column":16},"end":{"line":112,"column":42}},"60":{"start":{"line":114,"column":21},"end":{"line":114,"column":68}},"61":{"start":{"line":115,"column":21},"end":{"line":133,"column":3}},"62":{"start":{"line":135,"column":19},"end":{"line":135,"column":61}},"63":{"start":{"line":135,"column":41},"end":{"line":135,"column":60}},"64":{"start":{"line":136,"column":20},"end":{"line":146,"column":8}},"65":{"start":{"line":148,"column":23},"end":{"line":148,"column":32}},"66":{"start":{"line":149,"column":2},"end":{"line":165,"column":null}},"67":{"start":{"line":150,"column":16},"end":{"line":150,"column":37}},"68":{"start":{"line":151,"column":4},"end":{"line":151,"column":null}},"69":{"start":{"line":151,"column":32},"end":{"line":151,"column":null}},"70":{"start":{"line":152,"column":4},"end":{"line":164,"column":null}},"71":{"start":{"line":167,"column":17},"end":{"line":194,"column":5}},"72":{"start":{"line":167,"column":40},"end":{"line":194,"column":3}},"73":{"start":{"line":196,"column":2},"end":{"line":207,"column":null}},"74":{"start":{"line":211,"column":16},"end":{"line":211,"column":53}},"75":{"start":{"line":212,"column":16},"end":{"line":212,"column":73}},"76":{"start":{"line":214,"column":18},"end":{"line":214,"column":36}},"77":{"start":{"line":215,"column":17},"end":{"line":215,"column":19}},"78":{"start":{"line":216,"column":12},"end":{"line":216,"column":13}},"79":{"start":{"line":218,"column":2},"end":{"line":222,"column":null}},"80":{"start":{"line":219,"column":4},"end":{"line":219,"column":null}},"81":{"start":{"line":220,"column":4},"end":{"line":220,"column":null}},"82":{"start":{"line":221,"column":4},"end":{"line":221,"column":null}},"83":{"start":{"line":224,"column":2},"end":{"line":224,"column":null}},"84":{"start":{"line":226,"column":15},"end":{"line":233,"column":3}},"85":{"start":{"line":235,"column":17},"end":{"line":247,"column":36}},"86":{"start":{"line":236,"column":17},"end":{"line":239,"column":5}},"87":{"start":{"line":241,"column":20},"end":{"line":241,"column":85}},"88":{"start":{"line":242,"column":20},"end":{"line":242,"column":85}},"89":{"start":{"line":243,"column":21},"end":{"line":243,"column":74}},"90":{"start":{"line":243,"column":48},"end":{"line":243,"column":65}},"91":{"start":{"line":244,"column":21},"end":{"line":244,"column":74}},"92":{"start":{"line":244,"column":48},"end":{"line":244,"column":65}},"93":{"start":{"line":245,"column":6},"end":{"line":245,"column":null}},"94":{"start":{"line":249,"column":2},"end":{"line":249,"column":null}}},"fnMap":{"0":{"name":"normalizePgJson","decl":{"start":{"line":5,"column":9},"end":{"line":5,"column":24}},"loc":{"start":{"line":5,"column":32},"end":{"line":16,"column":null}},"line":5},"1":{"name":"normalizeProductSuggestion","decl":{"start":{"line":18,"column":9},"end":{"line":18,"column":35}},"loc":{"start":{"line":18,"column":45},"end":{"line":35,"column":null}},"line":18},"2":{"name":"(anonymous_2)","decl":{"start":{"line":20,"column":46},"end":{"line":20,"column":47}},"loc":{"start":{"line":20,"column":53},"end":{"line":20,"column":80}},"line":20},"3":{"name":"(anonymous_3)","decl":{"start":{"line":26,"column":38},"end":{"line":26,"column":39}},"loc":{"start":{"line":26,"column":46},"end":{"line":30,"column":5}},"line":26},"4":{"name":"(anonymous_4)","decl":{"start":{"line":31,"column":36},"end":{"line":31,"column":37}},"loc":{"start":{"line":31,"column":43},"end":{"line":31,"column":53}},"line":31},"5":{"name":"(anonymous_5)","decl":{"start":{"line":32,"column":37},"end":{"line":32,"column":38}},"loc":{"start":{"line":32,"column":49},"end":{"line":32,"column":78}},"line":32},"6":{"name":"attachDerivedItemFields","decl":{"start":{"line":37,"column":9},"end":{"line":37,"column":32}},"loc":{"start":{"line":37,"column":40},"end":{"line":65,"column":null}},"line":37},"7":{"name":"extractItemSize","decl":{"start":{"line":38,"column":11},"end":{"line":38,"column":26}},"loc":{"start":{"line":38,"column":33},"end":{"line":49,"column":null}},"line":38},"8":{"name":"(anonymous_8)","decl":{"start":{"line":46,"column":45},"end":{"line":46,"column":46}},"loc":{"start":{"line":46,"column":52},"end":{"line":46,"column":80}},"line":46},"9":{"name":"(anonymous_9)","decl":{"start":{"line":53,"column":53},"end":{"line":53,"column":54}},"loc":{"start":{"line":53,"column":62},"end":{"line":63,"column":5}},"line":53},"10":{"name":"(anonymous_10)","decl":{"start":{"line":56,"column":27},"end":{"line":56,"column":28}},"loc":{"start":{"line":56,"column":33},"end":{"line":62,"column":7}},"line":56},"11":{"name":"(anonymous_11)","decl":{"start":{"line":60,"column":40},"end":{"line":60,"column":41}},"loc":{"start":{"line":60,"column":47},"end":{"line":60,"column":101}},"line":60},"12":{"name":"getSalesDataViaPg","decl":{"start":{"line":67,"column":22},"end":{"line":67,"column":39}},"loc":{"start":{"line":67,"column":45},"end":{"line":208,"column":null}},"line":67},"13":{"name":"(anonymous_13)","decl":{"start":{"line":135,"column":34},"end":{"line":135,"column":35}},"loc":{"start":{"line":135,"column":41},"end":{"line":135,"column":60}},"line":135},"14":{"name":"(anonymous_14)","decl":{"start":{"line":167,"column":32},"end":{"line":167,"column":33}},"loc":{"start":{"line":167,"column":40},"end":{"line":194,"column":3}},"line":167},"15":{"name":"searchProductsForOrderEditViaPg","decl":{"start":{"line":210,"column":22},"end":{"line":210,"column":53}},"loc":{"start":{"line":210,"column":59},"end":{"line":250,"column":null}},"line":210},"16":{"name":"(anonymous_16)","decl":{"start":{"line":236,"column":9},"end":{"line":236,"column":10}},"loc":{"start":{"line":236,"column":17},"end":{"line":239,"column":5}},"line":236},"17":{"name":"(anonymous_17)","decl":{"start":{"line":240,"column":10},"end":{"line":240,"column":11}},"loc":{"start":{"line":240,"column":20},"end":{"line":246,"column":5}},"line":240},"18":{"name":"(anonymous_18)","decl":{"start":{"line":243,"column":41},"end":{"line":243,"column":42}},"loc":{"start":{"line":243,"column":48},"end":{"line":243,"column":65}},"line":243},"19":{"name":"(anonymous_19)","decl":{"start":{"line":244,"column":41},"end":{"line":244,"column":42}},"loc":{"start":{"line":244,"column":48},"end":{"line":244,"column":65}},"line":244}},"branchMap":{"0":{"loc":{"start":{"line":6,"column":2},"end":{"line":6,"column":null}},"type":"if","locations":[{"start":{"line":6,"column":2},"end":{"line":6,"column":null}},{"start":{},"end":{}}],"line":6},"1":{"loc":{"start":{"line":7,"column":2},"end":{"line":7,"column":null}},"type":"if","locations":[{"start":{"line":7,"column":2},"end":{"line":7,"column":null}},{"start":{},"end":{}}],"line":7},"2":{"loc":{"start":{"line":8,"column":2},"end":{"line":14,"column":null}},"type":"if","locations":[{"start":{"line":8,"column":2},"end":{"line":14,"column":null}},{"start":{},"end":{}}],"line":8},"3":{"loc":{"start":{"line":19,"column":21},"end":{"line":19,"column":94}},"type":"cond-expr","locations":[{"start":{"line":19,"column":64},"end":{"line":19,"column":89}},{"start":{"line":19,"column":92},"end":{"line":19,"column":94}}],"line":19},"4":{"loc":{"start":{"line":20,"column":60},"end":{"line":20,"column":75}},"type":"binary-expr","locations":[{"start":{"line":20,"column":60},"end":{"line":20,"column":70}},{"start":{"line":20,"column":74},"end":{"line":20,"column":75}}],"line":20},"5":{"loc":{"start":{"line":25,"column":18},"end":{"line":25,"column":36}},"type":"binary-expr","locations":[{"start":{"line":25,"column":18},"end":{"line":25,"column":31}},{"start":{"line":25,"column":35},"end":{"line":25,"column":36}}],"line":25},"6":{"loc":{"start":{"line":27,"column":15},"end":{"line":27,"column":31}},"type":"binary-expr","locations":[{"start":{"line":27,"column":15},"end":{"line":27,"column":25}},{"start":{"line":27,"column":29},"end":{"line":27,"column":31}}],"line":27},"7":{"loc":{"start":{"line":28,"column":11},"end":{"line":28,"column":23}},"type":"binary-expr","locations":[{"start":{"line":28,"column":11},"end":{"line":28,"column":17}},{"start":{"line":28,"column":21},"end":{"line":28,"column":23}}],"line":28},"8":{"loc":{"start":{"line":29,"column":22},"end":{"line":29,"column":37}},"type":"binary-expr","locations":[{"start":{"line":29,"column":22},"end":{"line":29,"column":32}},{"start":{"line":29,"column":36},"end":{"line":29,"column":37}}],"line":29},"9":{"loc":{"start":{"line":32,"column":62},"end":{"line":32,"column":77}},"type":"binary-expr","locations":[{"start":{"line":32,"column":62},"end":{"line":32,"column":72}},{"start":{"line":32,"column":76},"end":{"line":32,"column":77}}],"line":32},"10":{"loc":{"start":{"line":39,"column":4},"end":{"line":39,"column":null}},"type":"if","locations":[{"start":{"line":39,"column":4},"end":{"line":39,"column":null}},{"start":{},"end":{}}],"line":39},"11":{"loc":{"start":{"line":40,"column":4},"end":{"line":40,"column":null}},"type":"if","locations":[{"start":{"line":40,"column":4},"end":{"line":40,"column":null}},{"start":{},"end":{}}],"line":40},"12":{"loc":{"start":{"line":41,"column":23},"end":{"line":41,"column":46}},"type":"binary-expr","locations":[{"start":{"line":41,"column":23},"end":{"line":41,"column":40}},{"start":{"line":41,"column":44},"end":{"line":41,"column":46}}],"line":41},"13":{"loc":{"start":{"line":42,"column":4},"end":{"line":42,"column":null}},"type":"if","locations":[{"start":{"line":42,"column":4},"end":{"line":42,"column":null}},{"start":{},"end":{}}],"line":42},"14":{"loc":{"start":{"line":43,"column":23},"end":{"line":45,"column":10}},"type":"cond-expr","locations":[{"start":{"line":44,"column":8},"end":{"line":44,"column":null}},{"start":{"line":45,"column":8},"end":{"line":45,"column":10}}],"line":43},"15":{"loc":{"start":{"line":46,"column":59},"end":{"line":46,"column":71}},"type":"binary-expr","locations":[{"start":{"line":46,"column":59},"end":{"line":46,"column":65}},{"start":{"line":46,"column":69},"end":{"line":46,"column":71}}],"line":46},"16":{"loc":{"start":{"line":47,"column":4},"end":{"line":47,"column":null}},"type":"if","locations":[{"start":{"line":47,"column":4},"end":{"line":47,"column":null}},{"start":{},"end":{}}],"line":47},"17":{"loc":{"start":{"line":53,"column":21},"end":{"line":53,"column":47}},"type":"binary-expr","locations":[{"start":{"line":53,"column":21},"end":{"line":53,"column":41}},{"start":{"line":53,"column":45},"end":{"line":53,"column":47}}],"line":53},"18":{"loc":{"start":{"line":57,"column":27},"end":{"line":59,"column":14}},"type":"cond-expr","locations":[{"start":{"line":58,"column":12},"end":{"line":58,"column":null}},{"start":{"line":59,"column":12},"end":{"line":59,"column":14}}],"line":57},"19":{"loc":{"start":{"line":60,"column":54},"end":{"line":60,"column":66}},"type":"binary-expr","locations":[{"start":{"line":60,"column":54},"end":{"line":60,"column":60}},{"start":{"line":60,"column":64},"end":{"line":60,"column":66}}],"line":60},"20":{"loc":{"start":{"line":60,"column":79},"end":{"line":60,"column":100}},"type":"binary-expr","locations":[{"start":{"line":60,"column":79},"end":{"line":60,"column":94}},{"start":{"line":60,"column":98},"end":{"line":60,"column":100}}],"line":60},"21":{"loc":{"start":{"line":61,"column":22},"end":{"line":61,"column":43}},"type":"binary-expr","locations":[{"start":{"line":61,"column":22},"end":{"line":61,"column":38}},{"start":{"line":61,"column":42},"end":{"line":61,"column":43}}],"line":61},"22":{"loc":{"start":{"line":70,"column":39},"end":{"line":70,"column":48}},"type":"binary-expr","locations":[{"start":{"line":70,"column":39},"end":{"line":70,"column":43}},{"start":{"line":70,"column":47},"end":{"line":70,"column":48}}],"line":70},"23":{"loc":{"start":{"line":71,"column":54},"end":{"line":71,"column":65}},"type":"binary-expr","locations":[{"start":{"line":71,"column":54},"end":{"line":71,"column":59}},{"start":{"line":71,"column":63},"end":{"line":71,"column":65}}],"line":71},"24":{"loc":{"start":{"line":77,"column":2},"end":{"line":80,"column":null}},"type":"if","locations":[{"start":{"line":77,"column":2},"end":{"line":80,"column":null}},{"start":{},"end":{}}],"line":77},"25":{"loc":{"start":{"line":77,"column":6},"end":{"line":77,"column":32}},"type":"binary-expr","locations":[{"start":{"line":77,"column":6},"end":{"line":77,"column":12}},{"start":{"line":77,"column":16},"end":{"line":77,"column":32}}],"line":77},"26":{"loc":{"start":{"line":81,"column":2},"end":{"line":84,"column":null}},"type":"if","locations":[{"start":{"line":81,"column":2},"end":{"line":84,"column":null}},{"start":{},"end":{}}],"line":81},"27":{"loc":{"start":{"line":85,"column":2},"end":{"line":88,"column":null}},"type":"if","locations":[{"start":{"line":85,"column":2},"end":{"line":88,"column":null}},{"start":{},"end":{}}],"line":85},"28":{"loc":{"start":{"line":89,"column":2},"end":{"line":94,"column":null}},"type":"if","locations":[{"start":{"line":89,"column":2},"end":{"line":94,"column":null}},{"start":{},"end":{}}],"line":89},"29":{"loc":{"start":{"line":89,"column":6},"end":{"line":89,"column":37}},"type":"binary-expr","locations":[{"start":{"line":89,"column":6},"end":{"line":89,"column":12}},{"start":{"line":89,"column":16},"end":{"line":89,"column":37}}],"line":89},"30":{"loc":{"start":{"line":96,"column":19},"end":{"line":96,"column":73}},"type":"cond-expr","locations":[{"start":{"line":96,"column":36},"end":{"line":96,"column":68}},{"start":{"line":96,"column":71},"end":{"line":96,"column":73}}],"line":96},"31":{"loc":{"start":{"line":97,"column":19},"end":{"line":99,"column":35}},"type":"cond-expr","locations":[{"start":{"line":98,"column":6},"end":{"line":98,"column":null}},{"start":{"line":99,"column":6},"end":{"line":99,"column":35}}],"line":97},"32":{"loc":{"start":{"line":98,"column":26},"end":{"line":98,"column":60}},"type":"cond-expr","locations":[{"start":{"line":98,"column":46},"end":{"line":98,"column":51}},{"start":{"line":98,"column":54},"end":{"line":98,"column":60}}],"line":98},"33":{"loc":{"start":{"line":112,"column":23},"end":{"line":112,"column":41}},"type":"binary-expr","locations":[{"start":{"line":112,"column":23},"end":{"line":112,"column":36}},{"start":{"line":112,"column":40},"end":{"line":112,"column":41}}],"line":112},"34":{"loc":{"start":{"line":136,"column":20},"end":{"line":146,"column":8}},"type":"cond-expr","locations":[{"start":{"line":137,"column":6},"end":{"line":145,"column":null}},{"start":{"line":146,"column":6},"end":{"line":146,"column":8}}],"line":136},"35":{"loc":{"start":{"line":151,"column":4},"end":{"line":151,"column":null}},"type":"if","locations":[{"start":{"line":151,"column":4},"end":{"line":151,"column":null}},{"start":{},"end":{}}],"line":151},"36":{"loc":{"start":{"line":161,"column":22},"end":{"line":161,"column":44}},"type":"binary-expr","locations":[{"start":{"line":161,"column":22},"end":{"line":161,"column":39}},{"start":{"line":161,"column":43},"end":{"line":161,"column":44}}],"line":161},"37":{"loc":{"start":{"line":169,"column":16},"end":{"line":169,"column":58}},"type":"cond-expr","locations":[{"start":{"line":169,"column":31},"end":{"line":169,"column":51}},{"start":{"line":169,"column":54},"end":{"line":169,"column":58}}],"line":169},"38":{"loc":{"start":{"line":172,"column":18},"end":{"line":172,"column":30}},"type":"binary-expr","locations":[{"start":{"line":172,"column":18},"end":{"line":172,"column":25}},{"start":{"line":172,"column":29},"end":{"line":172,"column":30}}],"line":172},"39":{"loc":{"start":{"line":176,"column":13},"end":{"line":192,"column":12}},"type":"cond-expr","locations":[{"start":{"line":177,"column":8},"end":{"line":191,"column":null}},{"start":{"line":192,"column":8},"end":{"line":192,"column":12}}],"line":176},"40":{"loc":{"start":{"line":182,"column":21},"end":{"line":190,"column":16}},"type":"cond-expr","locations":[{"start":{"line":183,"column":14},"end":{"line":189,"column":null}},{"start":{"line":190,"column":14},"end":{"line":190,"column":16}}],"line":182},"41":{"loc":{"start":{"line":193,"column":20},"end":{"line":193,"column":63}},"type":"binary-expr","locations":[{"start":{"line":193,"column":20},"end":{"line":193,"column":57}},{"start":{"line":193,"column":61},"end":{"line":193,"column":63}}],"line":193},"42":{"loc":{"start":{"line":203,"column":27},"end":{"line":203,"column":53}},"type":"binary-expr","locations":[{"start":{"line":203,"column":27},"end":{"line":203,"column":48}},{"start":{"line":203,"column":52},"end":{"line":203,"column":53}}],"line":203},"43":{"loc":{"start":{"line":204,"column":17},"end":{"line":204,"column":75}},"type":"cond-expr","locations":[{"start":{"line":204,"column":29},"end":{"line":204,"column":71}},{"start":{"line":204,"column":74},"end":{"line":204,"column":75}}],"line":204},"44":{"loc":{"start":{"line":204,"column":36},"end":{"line":204,"column":62}},"type":"binary-expr","locations":[{"start":{"line":204,"column":36},"end":{"line":204,"column":57}},{"start":{"line":204,"column":61},"end":{"line":204,"column":62}}],"line":204},"45":{"loc":{"start":{"line":205,"column":26},"end":{"line":205,"column":50}},"type":"binary-expr","locations":[{"start":{"line":205,"column":26},"end":{"line":205,"column":45}},{"start":{"line":205,"column":49},"end":{"line":205,"column":50}}],"line":205},"46":{"loc":{"start":{"line":211,"column":23},"end":{"line":211,"column":45}},"type":"binary-expr","locations":[{"start":{"line":211,"column":23},"end":{"line":211,"column":39}},{"start":{"line":211,"column":43},"end":{"line":211,"column":45}}],"line":211},"47":{"loc":{"start":{"line":212,"column":48},"end":{"line":212,"column":70}},"type":"binary-expr","locations":[{"start":{"line":212,"column":48},"end":{"line":212,"column":64}},{"start":{"line":212,"column":68},"end":{"line":212,"column":70}}],"line":212},"48":{"loc":{"start":{"line":218,"column":2},"end":{"line":222,"column":null}},"type":"if","locations":[{"start":{"line":218,"column":2},"end":{"line":222,"column":null}},{"start":{},"end":{}}],"line":218},"49":{"loc":{"start":{"line":241,"column":41},"end":{"line":241,"column":53}},"type":"binary-expr","locations":[{"start":{"line":241,"column":41},"end":{"line":241,"column":47}},{"start":{"line":241,"column":51},"end":{"line":241,"column":53}}],"line":241},"50":{"loc":{"start":{"line":241,"column":57},"end":{"line":241,"column":69}},"type":"binary-expr","locations":[{"start":{"line":241,"column":57},"end":{"line":241,"column":63}},{"start":{"line":241,"column":67},"end":{"line":241,"column":69}}],"line":241},"51":{"loc":{"start":{"line":242,"column":41},"end":{"line":242,"column":53}},"type":"binary-expr","locations":[{"start":{"line":242,"column":41},"end":{"line":242,"column":47}},{"start":{"line":242,"column":51},"end":{"line":242,"column":53}}],"line":242},"52":{"loc":{"start":{"line":242,"column":57},"end":{"line":242,"column":69}},"type":"binary-expr","locations":[{"start":{"line":242,"column":57},"end":{"line":242,"column":63}},{"start":{"line":242,"column":67},"end":{"line":242,"column":69}}],"line":242},"53":{"loc":{"start":{"line":243,"column":21},"end":{"line":243,"column":74}},"type":"cond-expr","locations":[{"start":{"line":243,"column":69},"end":{"line":243,"column":70}},{"start":{"line":243,"column":73},"end":{"line":243,"column":74}}],"line":243},"54":{"loc":{"start":{"line":244,"column":21},"end":{"line":244,"column":74}},"type":"cond-expr","locations":[{"start":{"line":244,"column":69},"end":{"line":244,"column":70}},{"start":{"line":244,"column":73},"end":{"line":244,"column":74}}],"line":244}},"s":{"0":2,"1":0,"2":0,"3":0,"4":0,"5":0,"6":0,"7":0,"8":0,"9":0,"10":0,"11":0,"12":0,"13":0,"14":0,"15":0,"16":0,"17":0,"18":0,"19":0,"20":0,"21":0,"22":0,"23":0,"24":0,"25":0,"26":0,"27":0,"28":0,"29":0,"30":0,"31":0,"32":0,"33":0,"34":0,"35":0,"36":0,"37":0,"38":0,"39":0,"40":0,"41":0,"42":0,"43":0,"44":0,"45":0,"46":0,"47":0,"48":0,"49":0,"50":0,"51":0,"52":0,"53":0,"54":0,"55":0,"56":0,"57":0,"58":0,"59":0,"60":0,"61":0,"62":0,"63":0,"64":0,"65":0,"66":0,"67":0,"68":0,"69":0,"70":0,"71":0,"72":0,"73":0,"74":0,"75":0,"76":0,"77":0,"78":0,"79":0,"80":0,"81":0,"82":0,"83":0,"84":0,"85":0,"86":0,"87":0,"88":0,"89":0,"90":0,"91":0,"92":0,"93":0,"94":0},"f":{"0":0,"1":0,"2":0,"3":0,"4":0,"5":0,"6":0,"7":0,"8":0,"9":0,"10":0,"11":0,"12":0,"13":0,"14":0,"15":0,"16":0,"17":0,"18":0,"19":0},"b":{"0":[0,0],"1":[0,0],"2":[0,0],"3":[0,0],"4":[0,0],"5":[0,0],"6":[0,0],"7":[0,0],"8":[0,0],"9":[0,0],"10":[0,0],"11":[0,0],"12":[0,0],"13":[0,0],"14":[0,0],"15":[0,0],"16":[0,0],"17":[0,0],"18":[0,0],"19":[0,0],"20":[0,0],"21":[0,0],"22":[0,0],"23":[0,0],"24":[0,0],"25":[0,0],"26":[0,0],"27":[0,0],"28":[0,0],"29":[0,0],"30":[0,0],"31":[0,0],"32":[0,0],"33":[0,0],"34":[0,0],"35":[0,0],"36":[0,0],"37":[0,0],"38":[0,0],"39":[0,0],"40":[0,0],"41":[0,0],"42":[0,0],"43":[0,0],"44":[0,0],"45":[0,0],"46":[0,0],"47":[0,0],"48":[0,0],"49":[0,0],"50":[0,0],"51":[0,0],"52":[0,0],"53":[0,0],"54":[0,0]},"meta":{"lastBranch":55,"lastFunction":20,"lastStatement":95,"seen":{"s:3:23:3:54":0,"f:5:9:5:24":0,"b:6:2:6:Infinity:undefined:undefined:undefined:undefined":0,"s:6:2:6:Infinity":1,"s:6:14:6:Infinity":2,"b:7:2:7:Infinity:undefined:undefined:undefined:undefined":1,"s:7:2:7:Infinity":3,"s:7:28:7:Infinity":4,"b:8:2:14:Infinity:undefined:undefined:undefined:undefined":2,"s:8:2:14:Infinity":5,"s:9:4:13:Infinity":6,"s:10:6:10:Infinity":7,"s:12:6:12:Infinity":8,"s:15:2:15:Infinity":9,"f:18:9:18:35":1,"s:19:21:19:94":10,"b:19:64:19:89:19:92:19:94":3,"s:20:28:20:81":11,"f:20:46:20:47":2,"s:20:53:20:80":12,"b:20:60:20:70:20:74:20:75":4,"s:22:2:34:Infinity":13,"b:25:18:25:31:25:35:25:36":5,"f:26:38:26:39":3,"s:26:46:30:5":14,"b:27:15:27:25:27:29:27:31":6,"b:28:11:28:17:28:21:28:23":7,"b:29:22:29:32:29:36:29:37":8,"f:31:36:31:37":4,"s:31:43:31:53":15,"f:32:37:32:38":5,"s:32:49:32:78":16,"b:32:62:32:72:32:76:32:77":9,"f:37:9:37:32":6,"f:38:11:38:26":7,"b:39:4:39:Infinity:undefined:undefined:undefined:undefined":10,"s:39:4:39:Infinity":17,"s:39:15:39:Infinity":18,"b:40:4:40:Infinity:undefined:undefined:undefined:undefined":11,"s:40:4:40:Infinity":19,"s:40:22:40:Infinity":20,"s:41:16:41:54":21,"b:41:23:41:40:41:44:41:46":12,"b:42:4:42:Infinity:undefined:undefined:undefined:undefined":13,"s:42:4:42:Infinity":22,"s:42:14:42:Infinity":23,"s:43:23:45:10":24,"b:44:8:44:Infinity:45:8:45:10":14,"s:46:29:46:81":25,"f:46:45:46:46":8,"s:46:52:46:80":26,"b:46:59:46:65:46:69:46:71":15,"b:47:4:47:Infinity:undefined:undefined:undefined:undefined":16,"s:47:4:47:Infinity":27,"s:47:35:47:Infinity":28,"s:48:4:48:Infinity":29,"s:51:2:64:Infinity":30,"b:53:21:53:41:53:45:53:47":17,"f:53:53:53:54":9,"s:53:62:63:5":31,"f:56:27:56:28":10,"s:57:27:59:14":32,"b:58:12:58:Infinity:59:12:59:14":18,"s:60:24:60:102":33,"f:60:40:60:41":11,"s:60:47:60:101":34,"b:60:54:60:60:60:64:60:66":19,"b:60:79:60:94:60:98:60:100":20,"s:61:8:61:Infinity":35,"b:61:22:61:38:61:42:61:43":21,"f:67:22:67:39":12,"s:68:79:68:88":36,"s:70:18:70:50":37,"b:70:39:70:43:70:47:70:48":22,"s:71:19:71:68":38,"b:71:54:71:59:71:63:71:65":23,"s:73:18:73:20":39,"s:74:17:74:19":40,"s:75:12:75:13":41,"b:77:2:80:Infinity:undefined:undefined:undefined:undefined":24,"s:77:2:80:Infinity":42,"b:77:6:77:12:77:16:77:32":25,"s:78:4:78:Infinity":43,"s:79:4:79:Infinity":44,"b:81:2:84:Infinity:undefined:undefined:undefined:undefined":26,"s:81:2:84:Infinity":45,"s:82:4:82:Infinity":46,"s:83:4:83:Infinity":47,"b:85:2:88:Infinity:undefined:undefined:undefined:undefined":27,"s:85:2:88:Infinity":48,"s:86:4:86:Infinity":49,"s:87:4:87:Infinity":50,"b:89:2:94:Infinity:undefined:undefined:undefined:undefined":28,"s:89:2:94:Infinity":51,"b:89:6:89:12:89:16:89:37":29,"s:90:17:90:45":52,"s:91:4:91:Infinity":53,"s:92:4:92:Infinity":54,"s:93:4:93:Infinity":55,"s:96:19:96:73":56,"b:96:36:96:68:96:71:96:73":30,"s:97:19:99:35":57,"b:98:6:98:Infinity:99:6:99:35":31,"b:98:46:98:51:98:54:98:60":32,"s:101:19:110:3":58,"s:112:16:112:42":59,"b:112:23:112:36:112:40:112:41":33,"s:114:21:114:68":60,"s:115:21:133:3":61,"s:135:19:135:61":62,"f:135:34:135:35":13,"s:135:41:135:60":63,"s:136:20:146:8":64,"b:137:6:145:Infinity:146:6:146:8":34,"s:148:23:148:32":65,"s:149:2:165:Infinity":66,"s:150:16:150:37":67,"b:151:4:151:Infinity:undefined:undefined:undefined:undefined":35,"s:151:4:151:Infinity":68,"s:151:32:151:Infinity":69,"s:152:4:164:Infinity":70,"b:161:22:161:39:161:43:161:44":36,"s:167:17:194:5":71,"f:167:32:167:33":14,"s:167:40:194:3":72,"b:169:31:169:51:169:54:169:58":37,"b:172:18:172:25:172:29:172:30":38,"b:177:8:191:Infinity:192:8:192:12":39,"b:183:14:189:Infinity:190:14:190:16":40,"b:193:20:193:57:193:61:193:63":41,"s:196:2:207:Infinity":73,"b:203:27:203:48:203:52:203:53":42,"b:204:29:204:71:204:74:204:75":43,"b:204:36:204:57:204:61:204:62":44,"b:205:26:205:45:205:49:205:50":45,"f:210:22:210:53":15,"s:211:16:211:53":74,"b:211:23:211:39:211:43:211:45":46,"s:212:16:212:73":75,"b:212:48:212:64:212:68:212:70":47,"s:214:18:214:36":76,"s:215:17:215:19":77,"s:216:12:216:13":78,"b:218:2:222:Infinity:undefined:undefined:undefined:undefined":48,"s:218:2:222:Infinity":79,"s:219:4:219:Infinity":80,"s:220:4:220:Infinity":81,"s:221:4:221:Infinity":82,"s:224:2:224:Infinity":83,"s:226:15:233:3":84,"s:235:17:247:36":85,"f:236:9:236:10":16,"s:236:17:239:5":86,"f:240:10:240:11":17,"s:241:20:241:85":87,"b:241:41:241:47:241:51:241:53":49,"b:241:57:241:63:241:67:241:69":50,"s:242:20:242:85":88,"b:242:41:242:47:242:51:242:53":51,"b:242:57:242:63:242:67:242:69":52,"s:243:21:243:74":89,"b:243:69:243:70:243:73:243:74":53,"f:243:41:243:42":18,"s:243:48:243:65":90,"s:244:21:244:74":91,"b:244:69:244:70:244:73:244:74":54,"f:244:41:244:42":19,"s:244:48:244:65":92,"s:245:6:245:Infinity":93,"s:249:2:249:Infinity":94}}}
,"C:\\Users\\Gustavo\\surface-test\\backend\\src\\services\\adminService.js": {"path":"C:\\Users\\Gustavo\\surface-test\\backend\\src\\services\\adminService.js","statementMap":{},"fnMap":{},"branchMap":{},"s":{},"f":{},"b":{},"meta":{"lastBranch":0,"lastFunction":0,"lastStatement":0,"seen":{}}}
,"C:\\Users\\Gustavo\\surface-test\\backend\\src\\services\\authService.js": {"path":"C:\\Users\\Gustavo\\surface-test\\backend\\src\\services\\authService.js","statementMap":{"0":{"start":{"line":8,"column":2},"end":{"line":8,"column":null}},"1":{"start":{"line":12,"column":2},"end":{"line":12,"column":null}},"2":{"start":{"line":12,"column":63},"end":{"line":12,"column":null}},"3":{"start":{"line":13,"column":22},"end":{"line":13,"column":43}},"4":{"start":{"line":14,"column":22},"end":{"line":14,"column":52}},"5":{"start":{"line":15,"column":16},"end":{"line":15,"column":42}},"6":{"start":{"line":16,"column":2},"end":{"line":16,"column":null}},"7":{"start":{"line":16,"column":14},"end":{"line":16,"column":null}},"8":{"start":{"line":17,"column":2},"end":{"line":17,"column":null}},"9":{"start":{"line":21,"column":2},"end":{"line":21,"column":null}},"10":{"start":{"line":21,"column":25},"end":{"line":21,"column":null}},"11":{"start":{"line":23,"column":26},"end":{"line":23,"column":47}},"12":{"start":{"line":24,"column":2},"end":{"line":24,"column":null}},"13":{"start":{"line":24,"column":34},"end":{"line":24,"column":null}},"14":{"start":{"line":26,"column":22},"end":{"line":29,"column":4}},"15":{"start":{"line":31,"column":15},"end":{"line":31,"column":60}},"16":{"start":{"line":33,"column":27},"end":{"line":35,"column":36}},"17":{"start":{"line":34,"column":23},"end":{"line":34,"column":86}},"18":{"start":{"line":35,"column":20},"end":{"line":35,"column":35}},"19":{"start":{"line":37,"column":2},"end":{"line":37,"column":null}},"20":{"start":{"line":37,"column":37},"end":{"line":37,"column":null}},"21":{"start":{"line":39,"column":2},"end":{"line":45,"column":null}},"22":{"start":{"line":51,"column":28},"end":{"line":82,"column":1}},"23":{"start":{"line":52,"column":21},"end":{"line":52,"column":42}},"24":{"start":{"line":54,"column":18},"end":{"line":57,"column":4}},"25":{"start":{"line":59,"column":2},"end":{"line":61,"column":null}},"26":{"start":{"line":60,"column":4},"end":{"line":60,"column":null}},"27":{"start":{"line":63,"column":22},"end":{"line":63,"column":64}},"28":{"start":{"line":65,"column":2},"end":{"line":67,"column":null}},"29":{"start":{"line":66,"column":4},"end":{"line":66,"column":null}},"30":{"start":{"line":69,"column":16},"end":{"line":77,"column":3}},"31":{"start":{"line":79,"column":2},"end":{"line":79,"column":null}},"32":{"start":{"line":81,"column":2},"end":{"line":81,"column":null}},"33":{"start":{"line":87,"column":31},"end":{"line":135,"column":1}},"34":{"start":{"line":88,"column":43},"end":{"line":88,"column":48}},"35":{"start":{"line":89,"column":21},"end":{"line":89,"column":42}},"36":{"start":{"line":91,"column":2},"end":{"line":93,"column":null}},"37":{"start":{"line":92,"column":4},"end":{"line":92,"column":null}},"38":{"start":{"line":96,"column":20},"end":{"line":98,"column":4}},"39":{"start":{"line":100,"column":2},"end":{"line":102,"column":null}},"40":{"start":{"line":101,"column":4},"end":{"line":101,"column":null}},"41":{"start":{"line":105,"column":20},"end":{"line":105,"column":48}},"42":{"start":{"line":108,"column":18},"end":{"line":116,"column":4}},"43":{"start":{"line":119,"column":16},"end":{"line":127,"column":3}},"44":{"start":{"line":130,"column":1},"end":{"line":130,"column":null}},"45":{"start":{"line":132,"column":2},"end":{"line":132,"column":null}},"46":{"start":{"line":134,"column":2},"end":{"line":134,"column":null}},"47":{"start":{"line":137,"column":43},"end":{"line":171,"column":1}},"48":{"start":{"line":138,"column":21},"end":{"line":138,"column":42}},"49":{"start":{"line":139,"column":2},"end":{"line":141,"column":null}},"50":{"start":{"line":140,"column":4},"end":{"line":140,"column":null}},"51":{"start":{"line":143,"column":18},"end":{"line":146,"column":4}},"52":{"start":{"line":149,"column":2},"end":{"line":149,"column":null}},"53":{"start":{"line":149,"column":16},"end":{"line":149,"column":null}},"54":{"start":{"line":151,"column":16},"end":{"line":159,"column":3}},"55":{"start":{"line":161,"column":22},"end":{"line":161,"column":73}},"56":{"start":{"line":162,"column":19},"end":{"line":162,"column":87}},"57":{"start":{"line":164,"column":1},"end":{"line":168,"column":null}},"58":{"start":{"line":170,"column":2},"end":{"line":170,"column":null}},"59":{"start":{"line":173,"column":36},"end":{"line":208,"column":1}},"60":{"start":{"line":174,"column":2},"end":{"line":176,"column":null}},"61":{"start":{"line":175,"column":4},"end":{"line":175,"column":null}},"62":{"start":{"line":177,"column":2},"end":{"line":179,"column":null}},"63":{"start":{"line":178,"column":4},"end":{"line":178,"column":null}},"64":{"start":{"line":182,"column":2},"end":{"line":186,"column":null}},"65":{"start":{"line":183,"column":4},"end":{"line":183,"column":null}},"66":{"start":{"line":185,"column":4},"end":{"line":185,"column":null}},"67":{"start":{"line":188,"column":2},"end":{"line":190,"column":null}},"68":{"start":{"line":189,"column":4},"end":{"line":189,"column":null}},"69":{"start":{"line":192,"column":18},"end":{"line":195,"column":4}},"70":{"start":{"line":197,"column":2},"end":{"line":199,"column":null}},"71":{"start":{"line":198,"column":4},"end":{"line":198,"column":null}},"72":{"start":{"line":201,"column":20},"end":{"line":201,"column":60}},"73":{"start":{"line":202,"column":2},"end":{"line":205,"column":null}},"74":{"start":{"line":207,"column":2},"end":{"line":207,"column":null}},"75":{"start":{"line":210,"column":43},"end":{"line":236,"column":1}},"76":{"start":{"line":211,"column":21},"end":{"line":211,"column":42}},"77":{"start":{"line":212,"column":2},"end":{"line":214,"column":null}},"78":{"start":{"line":213,"column":4},"end":{"line":213,"column":null}},"79":{"start":{"line":216,"column":33},"end":{"line":225,"column":4}},"80":{"start":{"line":227,"column":25},"end":{"line":229,"column":3}},"81":{"start":{"line":228,"column":15},"end":{"line":228,"column":null}},"82":{"start":{"line":231,"column":2},"end":{"line":235,"column":null}},"83":{"start":{"line":241,"column":29},"end":{"line":244,"column":1}},"84":{"start":{"line":243,"column":2},"end":{"line":243,"column":null}}},"fnMap":{"0":{"name":"normalizeEmail","decl":{"start":{"line":7,"column":9},"end":{"line":7,"column":23}},"loc":{"start":{"line":7,"column":31},"end":{"line":9,"column":null}},"line":7},"1":{"name":"extractContactEmail","decl":{"start":{"line":11,"column":9},"end":{"line":11,"column":28}},"loc":{"start":{"line":11,"column":46},"end":{"line":18,"colum
[...]
,"C:\\Users\\Gustavo\\surface-test\\backend\\src\\services\\payment\\index.js": {"path":"C:\\Users\\Gustavo\\surface-test\\backend\\src\\services\\payment\\index.js","statementMap":{"0":{"start":{"line":7,"column":4},"end":{"line":7,"column":null}},"1":{"start":{"line":11,"column":4},"end":{"line":11,"column":null}},"2":{"start":{"line":15,"column":4},"end":{"line":15,"column":null}},"3":{"start":{"line":19,"column":4},"end":{"line":19,"column":null}},"4":{"start":{"line":23,"column":4},"end":{"line":23,"column":null}},"5":{"start":{"line":28,"column":18},"end":{"line":28,"column":20}},"6":{"start":{"line":31,"column":2},"end":{"line":33,"column":null}},"7":{"start":{"line":32,"column":4},"end":{"line":32,"column":null}},"8":{"start":{"line":34,"column":2},"end":{"line":34,"column":null}},"9":{"start":{"line":38,"column":2},"end":{"line":40,"column":null}},"10":{"start":{"line":39,"column":4},"end":{"line":39,"column":null}},"11":{"start":{"line":41,"column":2},"end":{"line":41,"column":null}},"12":{"start":{"line":45,"column":2},"end":{"line":45,"column":null}},"13":{"start":{"line":53,"column":34},"end":{"line":53,"column":96}},"14":{"start":{"line":54,"column":2},"end":{"line":59,"column":null}},"15":{"start":{"line":55,"column":4},"end":{"line":55,"column":null}},"16":{"start":{"line":56,"column":4},"end":{"line":56,"column":null}},"17":{"start":{"line":58,"column":4},"end":{"line":58,"column":null}}},"fnMap":{"0":{"name":"(anonymous_0)","decl":{"start":{"line":6,"column":2},"end":{"line":6,"column":13}},"loc":{"start":{"line":6,"column":20},"end":{"line":8,"column":null}},"line":6},"1":{"name":"(anonymous_1)","decl":{"start":{"line":10,"column":8},"end":{"line":10,"column":21}},"loc":{"start":{"line":10,"column":29},"end":{"line":12,"column":null}},"line":10},"2":{"name":"(anonymous_2)","decl":{"start":{"line":14,"column":8},"end":{"line":14,"column":24}},"loc":{"start":{"line":14,"column":36},"end":{"line":16,"column":null}},"line":14},"3":{"name":"(anonymous_3)","decl":{"start":{"line":18,"column":8},"end":{"line":18,"column":22}},"loc":{"start":{"line":18,"column":41},"end":{"line":20,"column":null}},"line":18},"4":{"name":"(anonymous_4)","decl":{"start":{"line":22,"column":8},"end":{"line":22,"column":14}},"loc":{"start":{"line":22,"column":34},"end":{"line":24,"column":null}},"line":22},"5":{"name":"registerProvider","decl":{"start":{"line":30,"column":16},"end":{"line":30,"column":32}},"loc":{"start":{"line":30,"column":49},"end":{"line":35,"column":null}},"line":30},"6":{"name":"getProvider","decl":{"start":{"line":37,"column":16},"end":{"line":37,"column":27}},"loc":{"start":{"line":37,"column":34},"end":{"line":42,"column":null}},"line":37},"7":{"name":"getAvailableProviders","decl":{"start":{"line":44,"column":16},"end":{"line":44,"column":37}},"loc":{"start":{"line":44,"column":40},"end":{"line":46,"column":null}},"line":44},"8":{"name":"initPaymentProviders","decl":{"start":{"line":52,"column":22},"end":{"line":52,"column":42}},"loc":{"start":{"line":52,"column":45},"end":{"line":60,"column":null}},"line":52}},"branchMap":{"0":{"loc":{"start":{"line":31,"column":2},"end":{"line":33,"column":null}},"type":"if","locations":[{"start":{"line":31,"column":2},"end":{"line":33,"column":null}},{"start":{},"end":{}}],"line":31},"1":{"loc":{"start":{"line":38,"column":2},"end":{"line":40,"column":null}},"type":"if","locations":[{"start":{"line":38,"column":2},"end":{"line":40,"column":null}},{"start":{},"end":{}}],"line":38}},"s":{"0":0,"1":0,"2":0,"3":0,"4":0,"5":0,"6":0,"7":0,"8":0,"9":0,"10":0,"11":0,"12":0,"13":0,"14":0,"15":0,"16":0,"17":0},"f":{"0":0,"1":0,"2":0,"3":0,"4":0,"5":0,"6":0,"7":0,"8":0},"b":{"0":[0,0],"1":[0,0]},"meta":{"lastBranch":2,"lastFunction":9,"lastStatement":18,"seen":{"f:6:2:6:13":0,"s:7:4:7:Infinity":0,"f:10:8:10:21":1,"s:11:4:11:Infinity":1,"f:14:8:14:24":2,"s:15:4:15:Infinity":2,"f:18:8:18:22":3,"s:19:4:19:Infinity":3,"f:22:8:22:14":4,"s:23:4:23:Infinity":4,"s:28:18:28:20":5,"f:30:16:30:32":5,"b:31:2:33:Infinity:undefined:undefined:undefined:undefined":0,"s:31:2:33:Infinity":6,"s:32:4:32:Infinity":7,"s:34:2:34:Infinity":8,"f:37:16:37:27":6,"b:38:2:40:Infinity:undefined:undefined:undefined:undefined":1,"s:38:2:40:Infinity":9,"s:39:4:39:Infinity":10,"s:41:2:41:Infinity":11,"f:44:16:44:37":7,"s:45:2:45:Infinity":12,"f:52:22:52:42":8,"s:53:34:53:96":13,"s:54:2:59:Infinity":14,"s:55:4:55:Infinity":15,"s:56:4:56:Infinity":16,"s:58:4:58:Infinity":17}}}
,"C:\\Users\\Gustavo\\surface-test\\backend\\src\\services\\payment\\providers\\mercadoPago.js": {"path":"C:\\Users\\Gustavo\\surface-test\\backend\\src\\services\\payment\\providers\\mercadoPago.js","statementMap":{"0":{"start":{"line":4,"column":13},"end":{"line":4,"column":17}},"1":{"start":{"line":7,"column":2},"end":{"line":7,"column":null}},"2":{"start":{"line":7,"column":14},"end":{"line":7,"column":null}},"3":{"start":{"line":8,"column":16},"end":{"line":8,"column":53}},"4":{"start":{"line":9,"column":2},"end":{"line":11,"column":null}},"5":{"start":{"line":10,"column":4},"end":{"line":10,"column":null}},"6":{"start":{"line":12,"column":2},"end":{"line":12,"column":null}},"7":{"start":{"line":13,"column":2},"end":{"line":13,"column":null}},"8":{"start":{"line":18,"column":4},"end":{"line":18,"column":null}},"9":{"start":{"line":22,"column":23},"end":{"line":22,"column":50}},"10":{"start":{"line":24,"column":18},"end":{"line":30,"column":13}},"11":{"start":{"line":24,"column":46},"end":{"line":30,"column":5}},"12":{"start":{"line":32,"column":17},"end":{"line":46,"column":5}},"13":{"start":{"line":48,"column":4},"end":{"line":59,"column":null}},"14":{"start":{"line":49,"column":23},"end":{"line":49,"column":56}},"15":{"start":{"line":50,"column":6},"end":{"line":55,"column":null}},"16":{"start":{"line":57,"column":6},"end":{"line":57,"column":null}},"17":{"start":{"line":58,"column":6},"end":{"line":58,"column":null}},"18":{"start":{"line":64,"column":4},"end":{"line":82,"column":null}},"19":{"start":{"line":65,"column":33},"end":{"line":65,"column":77}},"20":{"start":{"line":66,"column":23},"end":{"line":71,"column":7}},"21":{"start":{"line":72,"column":22},"end":{"line":72,"column":39}},"22":{"start":{"line":73,"column":6},"end":{"line":73,"column":null}},"23":{"start":{"line":73,"column":20},"end":{"line":73,"column":null}},"24":{"start":{"line":74,"column":6},"end":{"line":78,"column":null}},"25":{"start":{"line":80,"column":6},"end":{"line":80,"column":null}},"26":{"start":{"line":81,"column":6},"end":{"line":81,"column":null}},"27":{"start":{"line":86,"column":22},"end":{"line":86,"column":73}},"28":{"start":{"line":88,"column":4},"end":{"line":90,"column":null}},"29":{"start":{"line":89,"column":6},"end":{"line":89,"column":null}},"30":{"start":{"line":92,"column":4},"end":{"line":111,"column":null}},"31":{"start":{"line":93,"column":33},"end":{"line":93,"column":77}},"32":{"start":{"line":94,"column":32},"end":{"line":99,"column":7}},"33":{"start":{"line":101,"column":6},"end":{"line":107,"column":null}},"34":{"start":{"line":109,"column":6},"end":{"line":109,"column":null}},"35":{"start":{"line":110,"column":6},"end":{"line":110,"column":null}},"36":{"start":{"line":115,"column":4},"end":{"line":128,"column":null}},"37":{"start":{"line":116,"column":33},"end":{"line":116,"column":77}},"38":{"start":{"line":117,"column":23},"end":{"line":123,"column":7}},"39":{"start":{"line":124,"column":6},"end":{"line":124,"column":null}},"40":{"start":{"line":126,"column":6},"end":{"line":126,"column":null}},"41":{"start":{"line":127,"column":6},"end":{"line":127,"column":null}}},"fnMap":{"0":{"name":"getClient","decl":{"start":{"line":6,"column":9},"end":{"line":6,"column":18}},"loc":{"start":{"line":6,"column":21},"end":{"line":14,"column":null}},"line":6},"1":{"name":"(anonymous_1)","decl":{"start":{"line":17,"column":2},"end":{"line":17,"column":13}},"loc":{"start":{"line":17,"column":16},"end":{"line":19,"column":null}},"line":17},"2":{"name":"(anonymous_2)","decl":{"start":{"line":21,"column":8},"end":{"line":21,"column":21}},"loc":{"start":{"line":21,"column":29},"end":{"line":60,"column":null}},"line":21},"3":{"name":"(anonymous_3)","decl":{"start":{"line":24,"column":35},"end":{"line":24,"column":36}},"loc":{"start":{"line":24,"column":46},"end":{"line":30,"column":5}},"line":24},"4":{"name":"(anonymous_4)","decl":{"start":{"line":62,"column":8},"end":{"line":62,"column":24}},"loc":{"start":{"line":62,"column":36},"end":{"line":83,"column":null}},"line":62},"5":{"name":"(anonymous_5)","decl":{"start":{"line":85,"column":8},"end":{"line":85,"column":22}},"loc":{"start":{"line":85,"column":41},"end":{"line":112,"column":null}},"line":85},"6":{"name":"(anonymous_6)","decl":{"start":{"line":114,"column":8},"end":{"line":114,"column":14}},"loc":{"start":{"line":114,"column":34},"end":{"line":129,"column":null}},"line":114}},"branchMap":{"0":{"loc":{"start":{"line":7,"column":2},"end":{"line":7,"column":null}},"type":"if","locations":[{"start":{"line":7,"column":2},"end":{"line":7,"column":null}},{"start":{},"end":{}}],"line":7},"1":{"loc":{"start":{"line":9,"column":2},"end":{"line":11,"column":null}},"type":"if","locations":[{"start":{"line":9,"column":2},"end":{"line":11,"column":null}},{"start":{},"end":{}}],"line":9},"2":{"loc":{"start":{"line":9,"column":6},"end":{"line":9,"column":49}},"type":"binary-expr","locations":[{"start":{"line":9,"column":6},"end":{"line":9,"column":12}},{"start":{"line":9,"column":16},"end":{"line":9,"column":49}}],"line":9},"3":{"loc":{"start":{"line":12,"column":48},"end":{"line":12,"column":64}},"type":"binary-expr","locations":[{"start":{"line":12,"column":48},"end":{"line":12,"column":53}},{"start":{"line":12,"column":57},"end":{"line":12,"column":64}}],"line":12},"4":{"loc":{"start":{"line":24,"column":18},"end":{"line":30,"column":13}},"type":"binary-expr","locations":[{"start":{"line":24,"column":18},"end":{"line":30,"column":7}},{"start":{"line":30,"column":11},"end":{"line":30,"column":13}}],"line":24},"5":{"loc":{"start":{"line":35,"column":14},"end":{"line":35,"column":38}},"type":"binary-expr","locations":[{"start":{"line":35,"column":14},"end":{"line":35,"column":32}},{"start":{"line":35,"column":36},"end":{"line":35,"column":38}}],"line":35},"6":{"loc":{"start":{"line":36,"column":15},"end":{"line":36,"column":32}},"type":"binary-expr","locations":[{"start":{"line":36,"column":15},"end":{"line":36,"column":26}},{"start":{"line":36,"column":30},"end":{"line":36,"column":32}}],"line":36},"7":{"loc":{"start":{"line":40,"column":20},"end":{"line":40,"column":71}},"type":"binary-expr","locations":[{"start":{"line":40,"column":20},"end":{"line":40,"column":44}},{"start":{"line":40,"column":48},"end":{"line":40,"column":71}}],"line":40},"8":{"loc":{"start":{"line":41,"column":20},"end":{"line":41,"column":71}},"type":"binary-expr","locations":[{"start":{"line":41,"column":20},"end":{"line":41,"column":44}},{"start":{"line":41,"column":48},"end":{"line":41,"column":71}}],"line":41},"9":{"loc":{"start":{"line":42,"column":20},"end":{"line":42,"column":71}},"type":"binary-expr","locations":[{"start":{"line":42,"column":20},"end":{"line":42,"column":44}},{"start":{"line":42,"column":48},"end":{"line":42,"column":71}}],"line":42},"10":{"loc":{"start":{"line":45,"column":27},"end":{"line":45,"column":81}},"type":"binary-expr","locations":[{"start":{"line":45,"column":27},"end":{"line":45,"column":50}},{"start":{"line":45,"column":54},"end":{"line":45,"column":81}}],"line":45},"11":{"loc":{"start":{"line":57,"column":64},"end":{"line":57,"column":87}},"type":"binary-expr","locations":[{"start":{"line":57,"column":64},"end":{"line":57,"column":78}},{"start":{"line":57,"column":82},"end":{"line":57,"column":87}}],"line":57},"12":{"loc":{"start":{"line":73,"column":6},"end":{"line":73,"column":null}},"type":"if","locations":[{"start":{"line":73,"column":6},"end":{"line":73,"column":null}},{"start":{},"end":{}}],"line":73},"13":{"loc":{"start":{"line":80,"column":66},"end":{"line":80,"column":89}},"type":"binary-expr","locations":[{"start":{"line":80,"column":66},"end":{"line":80,"column":80}},{"start":{"line":80,"column":84},"end":{"line":80,"column":89}}],"line":80},"14":{"loc":{"start":{"line":86,"column":22},"end":{"line":86,"column":73}},"type":"binary-expr","locations":[{"start":{"line":86,"column":22},"end":{"line":86,"column":47}},{"start":{"line":86,"column":51},"end":{"line":86,"column":73}}],"line":86},"15":{"loc":{"start":{"line":88,"column":4},"end":{"line":90,"column":null}},"type":"if","locations":[{"start":{"line":88,"column":4},"end":{"line":90,"column":null}},{"start":{},"end":{}}],"line":88},"16":{"loc":{"start":{"line":88,"column":8},"end":{"line":88,"column":53}},"type":"binary-expr","locations":[{"start":{"line":88,"column":8},"end":{"line":88,"column":16}},{"start":{"line":88,"column":20},"end":{"line":88,"column":33}},{"start":{"line":88,"column":37},"end":{"line":88,"column":53}}],"line":88},"17":{"loc":{"start":{"line":109,"column":64},"end":{"line":109,"column":87}},"type":"binary-expr","locations":[{"start":{"line":109,"column":64},"end":{"line":109,"column":78}},{"start":{"line":109,"column":82},"end":{"line":109,"column":87}}],"line":109},"18":{"loc":{"start":{"line":119,"column":8},"end":{"line":119,"column":32}},"type":"cond-expr","locations":[{"start":{"line":119,"column":17},"end":{"line":119,"column":27}},{"start":{"line":119,"column":30},"end":{"line":119,"column":32}}],"line":119},"19":{"loc":{"start":{"line":126,"column":57},"end":{"line":126,"column":80}},"type":"binary-expr","locations":[{"start":{"line":126,"column":57},"end":{"line":126,"column":71}},{"start":{"line":126,"column":75},"end":{"line":126,"column":80}}],"line":126}},"s":{"0":0,"1":0,"2":0,"3":0,"4":0,"5":0,"6":0,"7":0,"8":0,"9":0,"10":0,"11":0,"12":0,"13":0,"14":0,"15":0,"16":0,"17":0,"18":0,"19":0,"20":0,"21":0,"22":0,"23":0,"24":0,"25":0,"26":0,"27":0,"28":0,"29":0,"30":0,"31":0,"32":0,"33":0,"34":0,"35":0,"36":0,"37":0,"38":0,"39":0,"40":0,"41":0},"f":{"0":0,"1":0,"2":0,"3":0,"4":0,"5":0,"6":0},"b":{"0":[0,0],"1":[0,0],"2":[0,0],"3":[0,0],"4":[0,0],"5":[0,0],"6":[0,0],"7":[0,0],"8":[0,0],"9":[0,0],"10":[0,0],"11":[0,0],"12":[0,0],"13":[0,0],"14":[0,0],"15":[0,0],"16":[0,0,0],"17":[0,0],"18":[0,0],"19":[0,0]},"meta":{"lastBranch":20,"lastFunction":7,"lastStatement":42,"seen":{"s:4:13:4:17":0,"f:6:9:6:18":0,"b:7:2:7:Infinity:undefined:undefined:undefined:undefined":0,"s:7:2:7:Infinity":1,"s:7:14:7:Infinity":2,"s:8:16:8:53":3,"b:9:2:11:Infinity:undefined:undefined:undefined:undefined":1,"s:9:2:11:Infinity":4,"b:9:6:9:12:9:16:9:49":2,"s:10:4:10:Infinity":5,"s:12:2:12:Infinity":6,"b:12:48:12:53:12:57:12:64":3,"s:13:2:13:Infinity":7,"f:17:2:17:13":1,"s:18:4:18:Infinity":8,"f:21:8:21:21":2,"s:22:23:22:50":9,"s:24:18:30:13":10,"b:24:18:30:7:30:11:30:13":4,"f:24:35:24:36":3,"s:24:46:30:5":11,"s:32:17:46:5":12,"b:35:14:35:32:35:36:35:38":5,"b:36:15:36:26:36:30:36:32":6,"b:40:20:40:44:40:48:40:71":7,"b:41:20:41:44:41:48:41:71":8,"b:42:20:42:44:42:48:42:71":9,"b:45:27:45:50:45:54:45:81":10,"s:48:4:59:Infinity":13,"s:49:23:49:56":14,"s:50:6:55:Infinity":15,"s:57:6:57:Infinity":16,"b:57:64:57:78:57:82:57:87":11,"s:58:6:58:Infinity":17,"f:62:8:62:24":4,"s:64:4:82:Infinity":18,"s:65:33:65:77":19,"s:66:23:71:7":20,"s:72:22:72:39":21,"b:73:6:73:Infinity:undefined:undefined:undefined:undefined":12,"s:73:6:73:Infinity":22,"s:73:20:73:Infinity":23,"s:74:6:78:Infinity":24,"s:80:6:80:Infinity":25,"b:80:66:80:80:80:84:80:89":13,"s:81:6:81:Infinity":26,"f:85:8:85:22":5,"s:86:22:86:73":27,"b:86:22:86:47:86:51:86:73":14,"b:88:4:90:Infinity:undefined:undefined:undefined:undefined":15,"s:88:4:90:Infinity":28,"b:88:8:88:16:88:20:88:33:88:37:88:53":16,"s:89:6:89:Infinity":29,"s:92:4:111:Infinity":30,"s:93:33:93:77":31,"s:94:32:99:7":32,"s:101:6:107:Infinity":33,"s:109:6:109:Infinity":34,"b:109:64:109:78:109:82:109:87":17,"s:110:6:110:Infinity":35,"f:114:8:114:14":6,"s:115:4:128:Infinity":36,"s:116:33:116:77":37,"s:117:23:123:7":38,"b:119:17:119:27:119:30:119:32":18,"s:124:6:124:Infinity":39,"s:126:6:126:Infinity":40,"b:126:57:126:71:126:75:126:80":19,"s:127:6:127:Infinity":41}}}
,"C:\\Users\\Gustavo\\surface-test\\backend\\src\\services\\payment\\providers\\pix.js": {"path":"C:\\Users\\Gustavo\\surface-test\\backend\\src\\services\\payment\\providers\\pix.js","statementMap":{"0":{"start":{"line":9,"column":4},"end":{"line":9,"column":17}},"1":{"start":{"line":16,"column":4},"end":{"line":16,"column":57}},"2":{"start":{"line":21,"column":4},"end":{"line":21,"column":57}},"3":{"start":{"line":26,"column":4},"end":{"line":26,"column":57}},"4":{"start":{"line":31,"column":4},"end":{"line":31,"column":57}}},"fnMap":{"0":{"name":"(anonymous_0)","decl":{"start":{"line":8,"column":2},"end":{"line":8,"column":13}},"loc":{"start":{"line":8,"column":16},"end":{"line":11,"column":3}},"line":8},"1":{"name":"(anonymous_1)","decl":{"start":{"line":13,"column":8},"end":{"line":13,"column":21}},"loc":{"start":{"line":13,"column":29},"end":{"line":17,"column":3}},"line":13},"2":{"name":"(anonymous_2)","decl":{"start":{"line":19,"column":8},"end":{"line":19,"column":24}},"loc":{"start":{"line":19,"column":36},"end":{"line":22,"column":3}},"line":19},"3":{"name":"(anonymous_3)","decl":{"start":{"line":24,"column":8},"end":{"line":24,"column":22}},"loc":{"start":{"line":24,"column":41},"end":{"line":27,"column":3}},"line":24},"4":{"name":"(anonymous_4)","decl":{"start":{"line":29,"column":8},"end":{"line":29,"column":14}},"loc":{"start":{"line":29,"column":34},"end":{"line":32,"column":3}},"line":29}},"branchMap":{},"s":{"0":0,"1":0,"2":0,"3":0,"4":0},"f":{"0":0,"1":0,"2":0,"3":0,"4":0},"b":{},"meta":{"lastBranch":0,"lastFunction":5,"lastStatement":5,"seen":{"f:8:2:8:13":0,"s:9:4:9:17":0,"f:13:8:13:21":1,"s:16:4:16:57":1,"f:19:8:19:24":2,"s:21:4:21:57":2,"f:24:8:24:22":3,"s:26:4:26:57":3,"f:29:8:29:14":4,"s:31:4:31:57":4}}}
,"C:\\Users\\Gustavo\\surface-test\\backend\\src\\services\\payment\\providers\\stripe.js": {"path":"C:\\Users\\Gustavo\\surface-test\\backend\\src\\services\\payment\\providers\\stripe.js","statementMap":{"0":{"start":{"line":9,"column":4},"end":{"line":9,"column":20}},"1":{"start":{"line":16,"column":4},"end":{"line":16,"column":60}},"2":{"start":{"line":21,"column":4},"end":{"line":21,"column":60}},"3":{"start":{"line":26,"column":4},"end":{"line":26,"column":60}},"4":{"start":{"line":31,"column":4},"end":{"line":31,"column":60}}},"fnMap":{"0":{"name":"(anonymous_0)","decl":{"start":{"line":8,"column":2},"end":{"line":8,"column":13}},"loc":{"start":{"line":8,"column":16},"end":{"line":11,"column":3}},"line":8},"1":{"name":"(anonymous_1)","decl":{"start":{"line":13,"column":8},"end":{"line":13,"column":21}},"loc":{"start":{"line":13,"column":29},"end":{"line":17,"column":3}},"line":13},"2":{"name":"(anonymous_2)","decl":{"start":{"line":19,"column":8},"end":{"line":19,"column":24}},"loc":{"start":{"line":19,"column":36},"end":{"line":22,"column":3}},"line":19},"3":{"name":"(anonymous_3)","decl":{"start":{"line":24,"column":8},"end":{"line":24,"column":22}},"loc":{"start":{"line":24,"column":41},"end":{"line":27,"column":3}},"line":24},"4":{"name":"(anonymous_4)","decl":{"start":{"line":29,"column":8},"end":{"line":29,"column":14}},"loc":{"start":{"line":29,"column":34},"end":{"line":32,"column":3}},"line":29}},"branchMap":{},"s":{"0":0,"1":0,"2":0,"3":0,"4":0},"f":{"0":0,"1":0,"2":0,"3":0,"4":0},"b":{},"meta":{"lastBranch":0,"lastFunction":5,"lastStatement":5,"seen":{"f:8:2:8:13":0,"s:9:4:9:20":0,"f:13:8:13:21":1,"s:16:4:16:60":1,"f:19:8:19:24":2,"s:21:4:21:60":2,"f:24:8:24:22":3,"s:26:4:26:60":3,"f:29:8:29:14":4,"s:31:4:31:60":4}}}
}
